{"C:\\Users\\sebit\\Documents\\GitHub\\blockly Sim\\drone-swarm-gcs\\src\\constants\\commands.ts": {"path":"C:\\Users\\sebit\\Documents\\GitHub\\blockly Sim\\drone-swarm-gcs\\src\\constants\\commands.ts","statementMap":{"0":{"start":{"line":6,"column":27},"end":{"line":12,"column":null}},"1":{"start":{"line":17,"column":29},"end":{"line":43,"column":null}},"2":{"start":{"line":48,"column":29},"end":{"line":56,"column":null}},"3":{"start":{"line":61,"column":25},"end":{"line":68,"column":null}}},"fnMap":{},"branchMap":{},"s":{"0":3,"1":3,"2":3,"3":3},"f":{},"b":{},"meta":{"lastBranch":0,"lastFunction":0,"lastStatement":4,"seen":{"s:6:27:12:Infinity":0,"s:17:29:43:Infinity":1,"s:48:29:56:Infinity":2,"s:61:25:68:Infinity":3}}}
,"C:\\Users\\sebit\\Documents\\GitHub\\blockly Sim\\drone-swarm-gcs\\src\\services\\execution\\conditionEvaluator.ts": {"path":"C:\\Users\\sebit\\Documents\\GitHub\\blockly Sim\\drone-swarm-gcs\\src\\services\\execution\\conditionEvaluator.ts","statementMap":{"0":{"start":{"line":26,"column":4},"end":{"line":26,"column":null}},"1":{"start":{"line":27,"column":4},"end":{"line":27,"column":null}},"2":{"start":{"line":34,"column":4},"end":{"line":43,"column":null}},"3":{"start":{"line":35,"column":21},"end":{"line":35,"column":null}},"4":{"start":{"line":36,"column":6},"end":{"line":36,"column":null}},"5":{"start":{"line":38,"column":6},"end":{"line":38,"column":null}},"6":{"start":{"line":39,"column":6},"end":{"line":42,"column":null}},"7":{"start":{"line":50,"column":20},"end":{"line":50,"column":null}},"8":{"start":{"line":53,"column":4},"end":{"line":55,"column":null}},"9":{"start":{"line":54,"column":6},"end":{"line":54,"column":null}},"10":{"start":{"line":54,"column":72},"end":{"line":54,"column":82}},"11":{"start":{"line":57,"column":4},"end":{"line":59,"column":null}},"12":{"start":{"line":58,"column":6},"end":{"line":58,"column":null}},"13":{"start":{"line":58,"column":40},"end":{"line":58,"column":50}},"14":{"start":{"line":61,"column":4},"end":{"line":63,"column":null}},"15":{"start":{"line":62,"column":6},"end":{"line":62,"column":null}},"16":{"start":{"line":62,"column":41},"end":{"line":62,"column":52}},"17":{"start":{"line":66,"column":25},"end":{"line":66,"column":null}},"18":{"start":{"line":67,"column":4},"end":{"line":71,"column":null}},"19":{"start":{"line":68,"column":23},"end":{"line":68,"column":null}},"20":{"start":{"line":69,"column":24},"end":{"line":69,"column":null}},"21":{"start":{"line":70,"column":6},"end":{"line":70,"column":null}},"22":{"start":{"line":74,"column":26},"end":{"line":74,"column":null}},"23":{"start":{"line":75,"column":4},"end":{"line":79,"column":null}},"24":{"start":{"line":76,"column":23},"end":{"line":76,"column":null}},"25":{"start":{"line":77,"column":24},"end":{"line":77,"column":null}},"26":{"start":{"line":78,"column":6},"end":{"line":78,"column":null}},"27":{"start":{"line":82,"column":30},"end":{"line":82,"column":null}},"28":{"start":{"line":83,"column":4},"end":{"line":88,"column":null}},"29":{"start":{"line":84,"column":22},"end":{"line":84,"column":null}},"30":{"start":{"line":85,"column":23},"end":{"line":85,"column":null}},"31":{"start":{"line":86,"column":24},"end":{"line":86,"column":null}},"32":{"start":{"line":87,"column":6},"end":{"line":87,"column":null}},"33":{"start":{"line":91,"column":31},"end":{"line":91,"column":null}},"34":{"start":{"line":92,"column":4},"end":{"line":97,"column":null}},"35":{"start":{"line":93,"column":22},"end":{"line":93,"column":null}},"36":{"start":{"line":94,"column":23},"end":{"line":94,"column":null}},"37":{"start":{"line":95,"column":24},"end":{"line":95,"column":null}},"38":{"start":{"line":96,"column":6},"end":{"line":96,"column":null}},"39":{"start":{"line":100,"column":29},"end":{"line":100,"column":null}},"40":{"start":{"line":101,"column":4},"end":{"line":105,"column":null}},"41":{"start":{"line":102,"column":23},"end":{"line":102,"column":null}},"42":{"start":{"line":103,"column":24},"end":{"line":103,"column":null}},"43":{"start":{"line":104,"column":6},"end":{"line":104,"column":null}},"44":{"start":{"line":108,"column":26},"end":{"line":108,"column":null}},"45":{"start":{"line":109,"column":4},"end":{"line":114,"column":null}},"46":{"start":{"line":110,"column":22},"end":{"line":110,"column":null}},"47":{"start":{"line":111,"column":23},"end":{"line":111,"column":null}},"48":{"start":{"line":112,"column":24},"end":{"line":112,"column":null}},"49":{"start":{"line":113,"column":6},"end":{"line":113,"column":null}},"50":{"start":{"line":117,"column":4},"end":{"line":120,"column":null}},"51":{"start":{"line":118,"column":20},"end":{"line":118,"column":null}},"52":{"start":{"line":119,"column":6},"end":{"line":119,"column":null}},"53":{"start":{"line":119,"column":33},"end":{"line":119,"column":62}},"54":{"start":{"line":122,"column":4},"end":{"line":125,"column":null}},"55":{"start":{"line":123,"column":20},"end":{"line":123,"column":null}},"56":{"start":{"line":124,"column":6},"end":{"line":124,"column":null}},"57":{"start":{"line":124,"column":32},"end":{"line":124,"column":61}},"58":{"start":{"line":128,"column":4},"end":{"line":128,"column":null}},"59":{"start":{"line":128,"column":28},"end":{"line":128,"column":null}},"60":{"start":{"line":129,"column":4},"end":{"line":129,"column":null}},"61":{"start":{"line":129,"column":29},"end":{"line":129,"column":null}},"62":{"start":{"line":132,"column":4},"end":{"line":132,"column":null}},"63":{"start":{"line":133,"column":4},"end":{"line":133,"column":null}},"64":{"start":{"line":140,"column":4},"end":{"line":142,"column":null}},"65":{"start":{"line":141,"column":6},"end":{"line":141,"column":null}},"66":{"start":{"line":145,"column":23},"end":{"line":145,"column":null}},"67":{"start":{"line":145,"column":59},"end":{"line":145,"column":76}},"68":{"start":{"line":147,"column":4},"end":{"line":147,"column":null}},"69":{"start":{"line":154,"column":4},"end":{"line":156,"column":null}},"70":{"start":{"line":155,"column":6},"end":{"line":155,"column":null}},"71":{"start":{"line":159,"column":24},"end":{"line":159,"column":null}},"72":{"start":{"line":159,"column":60},"end":{"line":159,"column":80}},"73":{"start":{"line":161,"column":4},"end":{"line":161,"column":null}},"74":{"start":{"line":168,"column":18},"end":{"line":168,"column":null}},"75":{"start":{"line":170,"column":4},"end":{"line":173,"column":null}},"76":{"start":{"line":171,"column":6},"end":{"line":171,"column":null}},"77":{"start":{"line":172,"column":6},"end":{"line":172,"column":null}},"78":{"start":{"line":175,"column":4},"end":{"line":175,"column":null}},"79":{"start":{"line":182,"column":18},"end":{"line":182,"column":null}},"80":{"start":{"line":182,"column":45},"end":{"line":182,"column":61}},"81":{"start":{"line":184,"column":4},"end":{"line":187,"column":null}},"82":{"start":{"line":185,"column":6},"end":{"line":185,"column":null}},"83":{"start":{"line":186,"column":6},"end":{"line":186,"column":null}},"84":{"start":{"line":189,"column":4},"end":{"line":189,"column":null}},"85":{"start":{"line":196,"column":18},"end":{"line":196,"column":null}},"86":{"start":{"line":196,"column":45},"end":{"line":196,"column":61}},"87":{"start":{"line":198,"column":4},"end":{"line":201,"column":null}},"88":{"start":{"line":199,"column":6},"end":{"line":199,"column":null}},"89":{"start":{"line":200,"column":6},"end":{"line":200,"column":null}},"90":{"start":{"line":203,"column":4},"end":{"line":203,"column":null}},"91":{"start":{"line":210,"column":22},"end":{"line":210,"column":null}},"92":{"start":{"line":212,"column":4},"end":{"line":215,"column":null}},"93":{"start":{"line":213,"column":6},"end":{"line":213,"column":null}},"94":{"start":{"line":214,"column":6},"end":{"line":214,"column":null}},"95":{"start":{"line":217,"column":10},"end":{"line":217,"column":null}},"96":{"start":{"line":219,"column":4},"end":{"line":219,"column":null}},"97":{"start":{"line":226,"column":4},"end":{"line":244,"column":null}},"98":{"start":{"line":228,"column":8},"end":{"line":228,"column":null}},"99":{"start":{"line":230,"column":8},"end":{"line":230,"column":null}},"100":{"start":{"line":232,"column":8},"end":{"line":232,"column":null}},"101":{"start":{"line":234,"column":8},"end":{"line":234,"column":null}},"102":{"start":{"line":237,"column":8},"end":{"line":237,"column":null}},"103":{"start":{"line":240,"column":8},"end":{"line":240,"column":null}},"104":{"start":{"line":242,"column":8},"end":{"line":242,"column":null}},"105":{"start":{"line":243,"column":8},"end":{"line":243,"column":null}},"106":{"start":{"line":256,"column":20},"end":{"line":256,"column":null}},"107":{"start":{"line":257,"column":2},"end":{"line":257,"column":null}}},"fnMap":{"0":{"name":"(anonymous_0)","decl":{"start":{"line":25,"column":2},"end":{"line":25,"column":14}},"loc":{"start":{"line":25,"column":68},"end":{"line":28,"column":null}},"line":25},"1":{"name":"(anonymous_1)","decl":{"start":{"line":33,"column":2},"end":{"line":33,"column":11}},"loc":{"start":{"line":33,"column":47},"end":{"line":44,"column":null}},"line":33},"2":{"name":"(anonymous_2)","decl":{"start":{"line":49,"column":10},"end":{"line":49,"column":29}},"loc":{"start":{"line":49,"column":57},"end":{"line":134,"column":null}},"line":49},"3":{"name":"(anonymous_3)","decl":{"start":{"line":54,"column":67},"end":{"line":54,"column":72}},"loc":{"start":{"line":54,"column":72},"end":{"line":54,"column":82}},"line":54},"4":{"name":"(anonymous_4)","decl":{"start":{"line":58,"column":35},"end":{"line":58,"column":40}},"loc":{"start":{"line":58,"column":40},"end":{"line":58,"column":50}},"line":58},"5":{"name":"(anonymous_5)","decl":{"start":{"line":62,"column":36},"end":{"line":62,"column":41}},"loc":{"start":{"line":62,"column":41},"end":{"line":62,"column":52}},"line":62},"6":{"name":"(anonymous_6)","decl":{"start":{"line":119,"column":25},"end":{"line":119,"column":33}},"loc":{"start":{"line":119,"column":33},"end":{"line":119,"column":62}},"line":119},"7":{"name":"(anonymous_7)","decl":{"start":{"line":124,"column":24},"end":{"line":124,"column":32}},"loc":{"start":{"line":124,"column":32},"end":{"line":124,"column":61}},"line":124},"8":{"name":"(anonymous_8)","decl":{"start":{"line":139,"column":10},"end":{"line":139,"column":36}},"loc":{"start":{"line":139,"column":82},"end":{"line":148,"column":null}},"line":139},"9":{"name":"(anonymous_9)","decl":{"start":{"line":145,"column":47},"end":{"line":145,"column":48}},"loc":{"start":{"line":145,"column":59},"end":{"line":145,"column":76}},"line":145},"10":{"name":"(anonymous_10)","decl":{"start":{"line":153,"column":10},"end":{"line":153,"column":37}},"loc":{"start":{"line":153,"column":83},"end":{"line":162,"column":null}},"line":153},"11":{"name":"(anonymous_11)","decl":{"start":{"line":159,"column":48},"end":{"line":159,"column":49}},"loc":{"start":{"line":159,"column":60},"end":{"line":159,"column":80}},"line":159},"12":{"name":"(anonymous_12)","decl":{"start":{"line":167,"column":10},"end":{"line":167,"column":37}},"loc":{"start":{"line":167,"column":100},"end":{"line":176,"column":null}},"line":167},"13":{"name":"(anonymous_13)","decl":{"start":{"line":181,"column":10},"end":{"line":181,"column":41}},"loc":{"start":{"line":181,"column":104},"end":{"line":190,"column":null}},"line":181},"14":{"name":"(anonymous_14)","decl":{"start":{"line":182,"column":40},"end":{"line":182,"column":45}},"loc":{"start":{"line":182,"column":45},"end":{"line":182,"column":61}},"line":182},"15":{"name":"(anonymous_15)","decl":{"start":{"line":195,"column":10},"end":{"line":195,"column":42}},"loc":{"start":{"line":195,"column":105},"end":{"line":204,"column":null}},"line":195},"16":{"name":"(anonymous_16)","decl":{"start":{"line":196,"column":40},"end":{"line":196,"column":45}},"loc":{"start":{"line":196,"column":45},"end":{"line":196,"column":61}},"line":196},"17":{"name":"(anonymous_17)","decl":{"start":{"line":209,"column":10},"end":{"line":209,"column":40}},"loc":{"start":{"line":209,"column":86},"end":{"line":220,"column":null}},"line":209},"18":{"name":"(anonymous_18)","decl":{"start":{"line":225,"column":10},"end":{"line":225,"column":26}},"loc":{"start":{"line":225,"column":75},"end":{"line":245,"column":null}},"line":225},"19":{"name":"evaluateCondition","decl":{"start":{"line":251,"column":16},"end":{"line":251,"column":null}},"loc":{"start":{"line":255,"column":19},"end":{"line":258,"column":null}},"line":255}},"branchMap":{"0":{"loc":{"start":{"line":41,"column":15},"end":{"line":41,"column":null}},"type":"cond-expr","locations":[{"start":{"line":41,"column":40},"end":{"line":41,"column":56}},{"start":{"line":41,"column":56},"end":{"line":41,"column":null}}],"line":41},"1":{"loc":{"start":{"line":53,"column":4},"end":{"line":55,"column":null}},"type":"if","locations":[{"start":{"line":53,"column":4},"end":{"line":55,"column":null}},{"start":{},"end":{}}],"line":53},"2":{"loc":{"start":{"line":54,"column":13},"end":{"line":54,"column":null}},"type":"binary-expr","locations":[{"start":{"line":54,"column":13},"end":{"line":54,"column":44}},{"start":{"line":54,"column":44},"end":{"line":54,"column":null}}],"line":54},"3":{"loc":{"start":{"line":57,"column":4},"end":{"line":59,"column":null}},"type":"if","locations":[{"start":{"line":57,"column":4},"end":{"line":59,"column":null}},{"start":{},"end":{}}],"line":57},"4":{"loc":{"start":{"line":61,"column":4},"end":{"line":63,"column":null}},"type":"if","locations":[{"start":{"line":61,"column":4},"end":{"line":63,"column":null}},{"start":{},"end":{}}],"line":61},"5":{"loc":{"start":{"line":67,"column":4},"end":{"line":71,"column":null}},"type":"if","locations":[{"start":{"line":67,"column":4},"end":{"line":71,"column":null}},{"start":{},"end":{}}],"line":67},"6":{"loc":{"start":{"line":75,"column":4},"end":{"line":79,"column":null}},"type":"if","locations":[{"start":{"line":75,"column":4},"end":{"line":79,"column":null}},{"start":{},"end":{}}],"line":75},"7":{"loc":{"start":{"line":83,"column":4},"end":{"line":88,"column":null}},"type":"if","locations":[{"start":{"line":83,"column":4},"end":{"line":88,"column":null}},{"start":{},"end":{}}],"line":83},"8":{"loc":{"start":{"line":92,"column":4},"end":{"line":97,"column":null}},"type":"if","locations":[{"start":{"line":92,"column":4},"end":{"line":97,"column":null}},{"start":{},"end":{}}],"line":92},"9":{"loc":{"start":{"line":101,"column":4},"end":{"line":105,"column":null}},"type":"if","locations":[{"start":{"line":101,"column":4},"end":{"line":105,"column":null}},{"start":{},"end":{}}],"line":101},"10":{"loc":{"start":{"line":109,"column":4},"end":{"line":114,"column":null}},"type":"if","locations":[{"start":{"line":109,"column":4},"end":{"line":114,"column":null}},{"start":{},"end":{}}],"line":109},"11":{"loc":{"start":{"line":117,"column":4},"end":{"line":120,"column":null}},"type":"if","locations":[{"start":{"line":117,"column":4},"end":{"line":120,"column":null}},{"start":{},"end":{}}],"line":117},"12":{"loc":{"start":{"line":117,"column":8},"end":{"line":117,"column":59}},"type":"binary-expr","locations":[{"start":{"line":117,"column":8},"end":{"line":117,"column":35}},{"start":{"line":117,"column":35},"end":{"line":117,"column":59}}],"line":117},"13":{"loc":{"start":{"line":122,"column":4},"end":{"line":125,"column":null}},"type":"if","locations":[{"start":{"line":122,"column":4},"end":{"line":125,"column":null}},{"start":{},"end":{}}],"line":122},"14":{"loc":{"start":{"line":122,"column":8},"end":{"line":122,"column":58}},"type":"binary-expr","locations":[{"start":{"line":122,"column":8},"end":{"line":122,"column":34}},{"start":{"line":122,"column":34},"end":{"line":122,"column":58}}],"line":122},"15":{"loc":{"start":{"line":128,"column":4},"end":{"line":128,"column":null}},"type":"if","locations":[{"start":{"line":128,"column":4},"end":{"line":128,"column":null}},{"start":{},"end":{}}],"line":128},"16":{"loc":{"start":{"line":129,"column":4},"end":{"line":129,"column":null}},"type":"if","locations":[{"start":{"line":129,"column":4},"end":{"line":129,"column":null}},{"start":{},"end":{}}],"line":129},"17":{"loc":{"start":{"line":140,"column":4},"end":{"line":142,"column":null}},"type":"if","locations":[{"start":{"line":140,"column":4},"end":{"line":142,"column":null}},{"start":{},"end":{}}],"line":140},"18":{"loc":{"start":{"line":154,"column":4},"end":{"line":156,"column":null}},"type":"if","locations":[{"start":{"line":154,"column":4},"end":{"line":156,"column":null}},{"start":{},"end":{}}],"line":154},"19":{"loc":{"start":{"line":170,"column":4},"end":{"line":173,"column":null}},"type":"if","locations":[{"start":{"line":170,"column":4},"end":{"line":173,"column":null}},{"start":{},"end":{}}],"line":170},"20":{"loc":{"start":{"line":184,"column":4},"end":{"line":187,"column":null}},"type":"if","locations":[{"start":{"line":184,"column":4},"end":{"line":187,"column":null}},{"start":{},"end":{}}],"line":184},"21":{"loc":{"start":{"line":198,"column":4},"end":{"line":201,"column":null}},"type":"if","locations":[{"start":{"line":198,"column":4},"end":{"line":201,"column":null}},{"start":{},"end":{}}],"line":198},"22":{"loc":{"start":{"line":212,"column":4},"end":{"line":215,"column":null}},"type":"if","locations":[{"start":{"line":212,"column":4},"end":{"line":215,"column":null}},{"start":{},"end":{}}],"line":212},"23":{"loc":{"start":{"line":226,"column":4},"end":{"line":244,"column":null}},"type":"switch","locations":[{"start":{"line":227,"column":6},"end":{"line":228,"column":null}},{"start":{"line":229,"column":6},"end":{"line":230,"column":null}},{"start":{"line":231,"column":6},"end":{"line":232,"column":null}},{"start":{"line":233,"column":6},"end":{"line":234,"column":null}},{"start":{"line":235,"column":6},"end":{"line":235,"column":null}},{"start":{"line":236,"column":6},"end":{"line":237,"column":null}},{"start":{"line":238,"column":6},"end":{"line":238,"column":null}},{"start":{"line":239,"column":6},"end":{"line":240,"column":null}},{"start":{"line":241,"column":6},"end":{"line":243,"column":null}}],"line":226}},"s":{"0":74,"1":74,"2":74,"3":74,"4":74,"5":0,"6":0,"7":88,"8":88,"9":5,"10":11,"11":83,"12":2,"13":4,"14":81,"15":2,"16":4,"17":79,"18":79,"19":13,"20":13,"21":13,"22":66,"23":66,"24":9,"25":9,"26":9,"27":57,"28":57,"29":2,"30":2,"31":2,"32":2,"33":55,"34":55,"35":3,"36":3,"37":3,"38":3,"39":52,"40":52,"41":3,"42":3,"43":3,"44":49,"45":49,"46":23,"47":23,"48":23,"49":23,"50":26,"51":4,"52":4,"53":7,"54":22,"55":4,"56":4,"57":7,"58":18,"59":9,"60":9,"61":4,"62":5,"63":5,"64":13,"65":1,"66":12,"67":36,"68":12,"69":9,"70":1,"71":8,"72":24,"73":8,"74":23,"75":23,"76":1,"77":1,"78":22,"79":2,"80":4,"81":2,"82":1,"83":1,"84":1,"85":3,"86":6,"87":3,"88":0,"89":0,"90":3,"91":3,"92":3,"93":1,"94":1,"95":2,"96":2,"97":48,"98":27,"99":5,"100":8,"101":3,"102":4,"103":0,"104":1,"105":1,"106":74,"107":74},"f":{"0":74,"1":74,"2":88,"3":11,"4":4,"5":4,"6":7,"7":7,"8":13,"9":36,"10":9,"11":24,"12":23,"13":2,"14":4,"15":3,"16":6,"17":3,"18":48,"19":74},"b":{"0":[0,0],"1":[5,83],"2":[5,4],"3":[2,81],"4":[2,79],"5":[13,66],"6":[9,57],"7":[2,55],"8":[3,52],"9":[3,49],"10":[23,26],"11":[4,22],"12":[26,23],"13":[4,18],"14":[22,19],"15":[9,9],"16":[4,5],"17":[1,12],"18":[1,8],"19":[1,22],"20":[1,1],"21":[0,3],"22":[1,2],"23":[27,5,8,3,3,4,0,0,1]},"meta":{"lastBranch":24,"lastFunction":20,"lastStatement":108,"seen":{"f:25:2:25:14":0,"s:26:4:26:Infinity":0,"s:27:4:27:Infinity":1,"f:33:2:33:11":1,"s:34:4:43:Infinity":2,"s:35:21:35:Infinity":3,"s:36:6:36:Infinity":4,"s:38:6:38:Infinity":5,"s:39:6:42:Infinity":6,"b:41:40:41:56:41:56:41:Infinity":0,"f:49:10:49:29":2,"s:50:20:50:Infinity":7,"b:53:4:55:Infinity:undefined:undefined:undefined:undefined":1,"s:53:4:55:Infinity":8,"s:54:6:54:Infinity":9,"b:54:13:54:44:54:44:54:Infinity":2,"f:54:67:54:72":3,"s:54:72:54:82":10,"b:57:4:59:Infinity:undefined:undefined:undefined:undefined":3,"s:57:4:59:Infinity":11,"s:58:6:58:Infinity":12,"f:58:35:58:40":4,"s:58:40:58:50":13,"b:61:4:63:Infinity:undefined:undefined:undefined:undefined":4,"s:61:4:63:Infinity":14,"s:62:6:62:Infinity":15,"f:62:36:62:41":5,"s:62:41:62:52":16,"s:66:25:66:Infinity":17,"b:67:4:71:Infinity:undefined:undefined:undefined:undefined":5,"s:67:4:71:Infinity":18,"s:68:23:68:Infinity":19,"s:69:24:69:Infinity":20,"s:70:6:70:Infinity":21,"s:74:26:74:Infinity":22,"b:75:4:79:Infinity:undefined:undefined:undefined:undefined":6,"s:75:4:79:Infinity":23,"s:76:23:76:Infinity":24,"s:77:24:77:Infinity":25,"s:78:6:78:Infinity":26,"s:82:30:82:Infinity":27,"b:83:4:88:Infinity:undefined:undefined:undefined:undefined":7,"s:83:4:88:Infinity":28,"s:84:22:84:Infinity":29,"s:85:23:85:Infinity":30,"s:86:24:86:Infinity":31,"s:87:6:87:Infinity":32,"s:91:31:91:Infinity":33,"b:92:4:97:Infinity:undefined:undefined:undefined:undefined":8,"s:92:4:97:Infinity":34,"s:93:22:93:Infinity":35,"s:94:23:94:Infinity":36,"s:95:24:95:Infinity":37,"s:96:6:96:Infinity":38,"s:100:29:100:Infinity":39,"b:101:4:105:Infinity:undefined:undefined:undefined:undefined":9,"s:101:4:105:Infinity":40,"s:102:23:102:Infinity":41,"s:103:24:103:Infinity":42,"s:104:6:104:Infinity":43,"s:108:26:108:Infinity":44,"b:109:4:114:Infinity:undefined:undefined:undefined:undefined":10,"s:109:4:114:Infinity":45,"s:110:22:110:Infinity":46,"s:111:23:111:Infinity":47,"s:112:24:112:Infinity":48,"s:113:6:113:Infinity":49,"b:117:4:120:Infinity:undefined:undefined:undefined:undefined":11,"s:117:4:120:Infinity":50,"b:117:8:117:35:117:35:117:59":12,"s:118:20:118:Infinity":51,"s:119:6:119:Infinity":52,"f:119:25:119:33":6,"s:119:33:119:62":53,"b:122:4:125:Infinity:undefined:undefined:undefined:undefined":13,"s:122:4:125:Infinity":54,"b:122:8:122:34:122:34:122:58":14,"s:123:20:123:Infinity":55,"s:124:6:124:Infinity":56,"f:124:24:124:32":7,"s:124:32:124:61":57,"b:128:4:128:Infinity:undefined:undefined:undefined:undefined":15,"s:128:4:128:Infinity":58,"s:128:28:128:Infinity":59,"b:129:4:129:Infinity:undefined:undefined:undefined:undefined":16,"s:129:4:129:Infinity":60,"s:129:29:129:Infinity":61,"s:132:4:132:Infinity":62,"s:133:4:133:Infinity":63,"f:139:10:139:36":8,"b:140:4:142:Infinity:undefined:undefined:undefined:undefined":17,"s:140:4:142:Infinity":64,"s:141:6:141:Infinity":65,"s:145:23:145:Infinity":66,"f:145:47:145:48":9,"s:145:59:145:76":67,"s:147:4:147:Infinity":68,"f:153:10:153:37":10,"b:154:4:156:Infinity:undefined:undefined:undefined:undefined":18,"s:154:4:156:Infinity":69,"s:155:6:155:Infinity":70,"s:159:24:159:Infinity":71,"f:159:48:159:49":11,"s:159:60:159:80":72,"s:161:4:161:Infinity":73,"f:167:10:167:37":12,"s:168:18:168:Infinity":74,"b:170:4:173:Infinity:undefined:undefined:undefined:undefined":19,"s:170:4:173:Infinity":75,"s:171:6:171:Infinity":76,"s:172:6:172:Infinity":77,"s:175:4:175:Infinity":78,"f:181:10:181:41":13,"s:182:18:182:Infinity":79,"f:182:40:182:45":14,"s:182:45:182:61":80,"b:184:4:187:Infinity:undefined:undefined:undefined:undefined":20,"s:184:4:187:Infinity":81,"s:185:6:185:Infinity":82,"s:186:6:186:Infinity":83,"s:189:4:189:Infinity":84,"f:195:10:195:42":15,"s:196:18:196:Infinity":85,"f:196:40:196:45":16,"s:196:45:196:61":86,"b:198:4:201:Infinity:undefined:undefined:undefined:undefined":21,"s:198:4:201:Infinity":87,"s:199:6:199:Infinity":88,"s:200:6:200:Infinity":89,"s:203:4:203:Infinity":90,"f:209:10:209:40":17,"s:210:22:210:Infinity":91,"b:212:4:215:Infinity:undefined:undefined:undefined:undefined":22,"s:212:4:215:Infinity":92,"s:213:6:213:Infinity":93,"s:214:6:214:Infinity":94,"s:217:10:217:Infinity":95,"s:219:4:219:Infinity":96,"f:225:10:225:26":18,"b:227:6:228:Infinity:229:6:230:Infinity:231:6:232:Infinity:233:6:234:Infinity:235:6:235:Infinity:236:6:237:Infinity:238:6:238:Infinity:239:6:240:Infinity:241:6:243:Infinity":23,"s:226:4:244:Infinity":97,"s:228:8:228:Infinity":98,"s:230:8:230:Infinity":99,"s:232:8:232:Infinity":100,"s:234:8:234:Infinity":101,"s:237:8:237:Infinity":102,"s:240:8:240:Infinity":103,"s:242:8:242:Infinity":104,"s:243:8:243:Infinity":105,"f:251:16:251:Infinity":19,"s:256:20:256:Infinity":106,"s:257:2:257:Infinity":107}}}
,"C:\\Users\\sebit\\Documents\\GitHub\\blockly Sim\\drone-swarm-gcs\\src\\services\\execution\\interpreter.ts": {"path":"C:\\Users\\sebit\\Documents\\GitHub\\blockly Sim\\drone-swarm-gcs\\src\\services\\execution\\interpreter.ts","statementMap":{"0":{"start":{"line":30,"column":57},"end":{"line":30,"column":null}},"1":{"start":{"line":31,"column":32},"end":{"line":31,"column":null}},"2":{"start":{"line":32,"column":30},"end":{"line":32,"column":null}},"3":{"start":{"line":33,"column":48},"end":{"line":33,"column":null}},"4":{"start":{"line":34,"column":48},"end":{"line":34,"column":null}},"5":{"start":{"line":37,"column":4},"end":{"line":37,"column":null}},"6":{"start":{"line":38,"column":4},"end":{"line":38,"column":null}},"7":{"start":{"line":39,"column":4},"end":{"line":49,"column":null}},"8":{"start":{"line":56,"column":4},"end":{"line":56,"column":null}},"9":{"start":{"line":63,"column":4},"end":{"line":63,"column":null}},"10":{"start":{"line":70,"column":4},"end":{"line":70,"column":null}},"11":{"start":{"line":71,"column":4},"end":{"line":71,"column":null}},"12":{"start":{"line":78,"column":4},"end":{"line":78,"column":null}},"13":{"start":{"line":81,"column":4},"end":{"line":81,"column":null}},"14":{"start":{"line":82,"column":4},"end":{"line":82,"column":null}},"15":{"start":{"line":83,"column":4},"end":{"line":83,"column":null}},"16":{"start":{"line":84,"column":4},"end":{"line":84,"column":null}},"17":{"start":{"line":86,"column":4},"end":{"line":97,"column":null}},"18":{"start":{"line":99,"column":24},"end":{"line":99,"column":null}},"19":{"start":{"line":101,"column":4},"end":{"line":116,"column":null}},"20":{"start":{"line":102,"column":6},"end":{"line":102,"column":null}},"21":{"start":{"line":104,"column":6},"end":{"line":107,"column":null}},"22":{"start":{"line":105,"column":8},"end":{"line":105,"column":null}},"23":{"start":{"line":106,"column":8},"end":{"line":106,"column":null}},"24":{"start":{"line":109,"column":6},"end":{"line":109,"column":null}},"25":{"start":{"line":110,"column":6},"end":{"line":110,"column":null}},"26":{"start":{"line":112,"column":23},"end":{"line":112,"column":null}},"27":{"start":{"line":113,"column":6},"end":{"line":113,"column":null}},"28":{"start":{"line":114,"column":6},"end":{"line":114,"column":null}},"29":{"start":{"line":115,"column":6},"end":{"line":115,"column":null}},"30":{"start":{"line":123,"column":4},"end":{"line":123,"column":null}},"31":{"start":{"line":124,"column":4},"end":{"line":124,"column":null}},"32":{"start":{"line":125,"column":4},"end":{"line":125,"column":null}},"33":{"start":{"line":132,"column":4},"end":{"line":135,"column":null}},"34":{"start":{"line":133,"column":6},"end":{"line":133,"column":null}},"35":{"start":{"line":134,"column":6},"end":{"line":134,"column":null}},"36":{"start":{"line":137,"column":4},"end":{"line":137,"column":null}},"37":{"start":{"line":138,"column":4},"end":{"line":138,"column":null}},"38":{"start":{"line":141,"column":4},"end":{"line":143,"column":null}},"39":{"start":{"line":142,"column":6},"end":{"line":142,"column":null}},"40":{"start":{"line":145,"column":4},"end":{"line":145,"column":null}},"41":{"start":{"line":152,"column":4},"end":{"line":155,"column":null}},"42":{"start":{"line":153,"column":6},"end":{"line":153,"column":null}},"43":{"start":{"line":154,"column":6},"end":{"line":154,"column":null}},"44":{"start":{"line":157,"column":4},"end":{"line":157,"column":null}},"45":{"start":{"line":158,"column":4},"end":{"line":158,"column":null}},"46":{"start":{"line":161,"column":4},"end":{"line":165,"column":null}},"47":{"start":{"line":162,"column":6},"end":{"line":162,"column":null}},"48":{"start":{"line":163,"column":6},"end":{"line":163,"column":null}},"49":{"start":{"line":164,"column":6},"end":{"line":164,"column":null}},"50":{"start":{"line":167,"column":4},"end":{"line":167,"column":null}},"51":{"start":{"line":174,"column":4},"end":{"line":176,"column":null}},"52":{"start":{"line":175,"column":6},"end":{"line":175,"column":null}},"53":{"start":{"line":184,"column":4},"end":{"line":186,"column":null}},"54":{"start":{"line":185,"column":6},"end":{"line":185,"column":null}},"55":{"start":{"line":189,"column":4},"end":{"line":189,"column":null}},"56":{"start":{"line":191,"column":4},"end":{"line":191,"column":null}},"57":{"start":{"line":193,"column":4},"end":{"line":193,"column":null}},"58":{"start":{"line":195,"column":24},"end":{"line":195,"column":null}},"59":{"start":{"line":197,"column":4},"end":{"line":253,"column":null}},"60":{"start":{"line":199,"column":8},"end":{"line":199,"column":null}},"61":{"start":{"line":200,"column":8},"end":{"line":200,"column":null}},"62":{"start":{"line":203,"column":8},"end":{"line":203,"column":null}},"63":{"start":{"line":204,"column":8},"end":{"line":204,"column":null}},"64":{"start":{"line":207,"column":8},"end":{"line":207,"column":null}},"65":{"start":{"line":208,"column":8},"end":{"line":208,"column":null}},"66":{"start":{"line":211,"column":8},"end":{"line":211,"column":null}},"67":{"start":{"line":212,"column":8},"end":{"line":212,"column":null}},"68":{"start":{"line":215,"column":8},"end":{"line":215,"column":null}},"69":{"start":{"line":216,"column":8},"end":{"line":216,"column":null}},"70":{"start":{"line":219,"column":8},"end":{"line":219,"column":null}},"71":{"start":{"line":220,"column":8},"end":{"line":220,"column":null}},"72":{"start":{"line":223,"column":8},"end":{"line":223,"column":null}},"73":{"start":{"line":224,"column":8},"end":{"line":224,"column":null}},"74":{"start":{"line":227,"column":8},"end":{"line":227,"column":null}},"75":{"start":{"line":228,"column":8},"end":{"line":228,"column":null}},"76":{"start":{"line":231,"column":8},"end":{"line":231,"column":null}},"77":{"start":{"line":232,"column":8},"end":{"line":232,"column":null}},"78":{"start":{"line":235,"column":8},"end":{"line":235,"column":null}},"79":{"start":{"line":236,"column":8},"end":{"line":236,"column":null}},"80":{"start":{"line":240,"column":8},"end":{"line":240,"column":null}},"81":{"start":{"line":241,"column":8},"end":{"line":241,"column":null}},"82":{"start":{"line":244,"column":8},"end":{"line":244,"column":null}},"83":{"start":{"line":245,"column":8},"end":{"line":245,"column":null}},"84":{"start":{"line":248,"column":8},"end":{"line":248,"column":null}},"85":{"start":{"line":249,"column":8},"end":{"line":249,"column":null}},"86":{"start":{"line":252,"column":8},"end":{"line":252,"column":null}},"87":{"start":{"line":255,"column":4},"end":{"line":255,"column":null}},"88":{"start":{"line":262,"column":4},"end":{"line":262,"column":null}},"89":{"start":{"line":264,"column":38},"end":{"line":264,"column":null}},"90":{"start":{"line":266,"column":4},"end":{"line":268,"column":null}},"91":{"start":{"line":267,"column":6},"end":{"line":267,"column":null}},"92":{"start":{"line":271,"column":4},"end":{"line":271,"column":null}},"93":{"start":{"line":278,"column":24},"end":{"line":278,"column":null}},"94":{"start":{"line":280,"column":4},"end":{"line":287,"column":null}},"95":{"start":{"line":280,"column":17},"end":{"line":280,"column":20}},"96":{"start":{"line":281,"column":6},"end":{"line":281,"column":null}},"97":{"start":{"line":281,"column":27},"end":{"line":281,"column":null}},"98":{"start":{"line":283,"column":20},"end":{"line":283,"column":null}},"99":{"start":{"line":284,"column":24},"end":{"line":284,"column":null}},"100":{"start":{"line":285,"column":23},"end":{"line":285,"column":null}},"101":{"start":{"line":286,"column":6},"end":{"line":286,"column":null}},"102":{"start":{"line":289,"column":4},"end":{"line":289,"column":null}},"103":{"start":{"line":296,"column":4},"end":{"line":296,"column":null}},"104":{"start":{"line":298,"column":24},"end":{"line":298,"column":null}},"105":{"start":{"line":300,"column":4},"end":{"line":315,"column":null}},"106":{"start":{"line":300,"column":17},"end":{"line":300,"column":20}},"107":{"start":{"line":301,"column":6},"end":{"line":301,"column":null}},"108":{"start":{"line":301,"column":27},"end":{"line":301,"column":null}},"109":{"start":{"line":303,"column":6},"end":{"line":303,"column":null}},"110":{"start":{"line":306,"column":29},"end":{"line":306,"column":null}},"111":{"start":{"line":307,"column":6},"end":{"line":307,"column":null}},"112":{"start":{"line":309,"column":24},"end":{"line":309,"column":null}},"113":{"start":{"line":310,"column":23},"end":{"line":310,"column":null}},"114":{"start":{"line":311,"column":6},"end":{"line":311,"column":null}},"115":{"start":{"line":314,"column":6},"end":{"line":314,"column":null}},"116":{"start":{"line":317,"column":4},"end":{"line":317,"column":null}},"117":{"start":{"line":324,"column":4},"end":{"line":324,"column":null}},"118":{"start":{"line":326,"column":24},"end":{"line":326,"column":null}},"119":{"start":{"line":327,"column":39},"end":{"line":327,"column":null}},"120":{"start":{"line":329,"column":27},"end":{"line":329,"column":null}},"121":{"start":{"line":330,"column":20},"end":{"line":330,"column":null}},"122":{"start":{"line":332,"column":4},"end":{"line":346,"column":null}},"123":{"start":{"line":332,"column":17},"end":{"line":332,"column":23}},"124":{"start":{"line":333,"column":6},"end":{"line":333,"column":null}},"125":{"start":{"line":333,"column":27},"end":{"line":333,"column":null}},"126":{"start":{"line":335,"column":6},"end":{"line":335,"column":null}},"127":{"start":{"line":338,"column":6},"end":{"line":338,"column":null}},"128":{"start":{"line":339,"column":6},"end":{"line":339,"column":null}},"129":{"start":{"line":341,"column":24},"end":{"line":341,"column":null}},"130":{"start":{"line":342,"column":23},"end":{"line":342,"column":null}},"131":{"start":{"line":343,"column":6},"end":{"line":343,"column":null}},"132":{"start":{"line":345,"column":6},"end":{"line":345,"column":null}},"133":{"start":{"line":349,"column":4},"end":{"line":349,"column":null}},"134":{"start":{"line":350,"column":4},"end":{"line":350,"column":null}},"135":{"start":{"line":352,"column":4},"end":{"line":352,"column":null}},"136":{"start":{"line":359,"column":4},"end":{"line":359,"column":null}},"137":{"start":{"line":361,"column":10},"end":{"line":361,"column":null}},"138":{"start":{"line":363,"column":4},"end":{"line":365,"column":null}},"139":{"start":{"line":364,"column":6},"end":{"line":364,"column":null}},"140":{"start":{"line":367,"column":4},"end":{"line":367,"column":null}},"141":{"start":{"line":369,"column":4},"end":{"line":372,"column":null}},"142":{"start":{"line":370,"column":24},"end":{"line":370,"column":null}},"143":{"start":{"line":371,"column":6},"end":{"line":371,"column":null}},"144":{"start":{"line":374,"column":4},"end":{"line":374,"column":null}},"145":{"start":{"line":381,"column":4},"end":{"line":381,"column":null}},"146":{"start":{"line":383,"column":10},"end":{"line":383,"column":null}},"147":{"start":{"line":385,"column":4},"end":{"line":387,"column":null}},"148":{"start":{"line":386,"column":6},"end":{"line":386,"column":null}},"149":{"start":{"line":389,"column":4},"end":{"line":389,"column":null}},"150":{"start":{"line":391,"column":4},"end":{"line":397,"column":null}},"151":{"start":{"line":392,"column":24},"end":{"line":392,"column":null}},"152":{"start":{"line":393,"column":6},"end":{"line":393,"column":null}},"153":{"start":{"line":395,"column":24},"end":{"line":395,"column":null}},"154":{"start":{"line":396,"column":6},"end":{"line":396,"column":null}},"155":{"start":{"line":404,"column":4},"end":{"line":404,"column":null}},"156":{"start":{"line":405,"column":4},"end":{"line":405,"column":null}},"157":{"start":{"line":412,"column":4},"end":{"line":412,"column":null}},"158":{"start":{"line":414,"column":24},"end":{"line":414,"column":null}},"159":{"start":{"line":415,"column":20},"end":{"line":415,"column":null}},"160":{"start":{"line":416,"column":26},"end":{"line":416,"column":null}},"161":{"start":{"line":418,"column":4},"end":{"line":441,"column":null}},"162":{"start":{"line":419,"column":6},"end":{"line":419,"column":null}},"163":{"start":{"line":419,"column":27},"end":{"line":419,"column":null}},"164":{"start":{"line":422,"column":12},"end":{"line":422,"column":null}},"165":{"start":{"line":424,"column":6},"end":{"line":427,"column":null}},"166":{"start":{"line":425,"column":8},"end":{"line":425,"column":null}},"167":{"start":{"line":426,"column":8},"end":{"line":426,"column":null}},"168":{"start":{"line":429,"column":6},"end":{"line":432,"column":null}},"169":{"start":{"line":430,"column":8},"end":{"line":430,"column":null}},"170":{"start":{"line":431,"column":8},"end":{"line":431,"column":null}},"171":{"start":{"line":434,"column":6},"end":{"line":434,"column":null}},"172":{"start":{"line":436,"column":24},"end":{"line":436,"column":null}},"173":{"start":{"line":437,"column":23},"end":{"line":437,"column":null}},"174":{"start":{"line":438,"column":6},"end":{"line":438,"column":null}},"175":{"start":{"line":440,"column":6},"end":{"line":440,"column":null}},"176":{"start":{"line":443,"column":4},"end":{"line":445,"column":null}},"177":{"start":{"line":444,"column":6},"end":{"line":444,"column":null}},"178":{"start":{"line":447,"column":4},"end":{"line":447,"column":null}},"179":{"start":{"line":454,"column":4},"end":{"line":454,"column":null}},"180":{"start":{"line":456,"column":24},"end":{"line":456,"column":null}},"181":{"start":{"line":457,"column":20},"end":{"line":457,"column":null}},"182":{"start":{"line":458,"column":26},"end":{"line":458,"column":null}},"183":{"start":{"line":460,"column":4},"end":{"line":484,"column":null}},"184":{"start":{"line":461,"column":6},"end":{"line":461,"column":null}},"185":{"start":{"line":461,"column":27},"end":{"line":461,"column":null}},"186":{"start":{"line":463,"column":6},"end":{"line":463,"column":null}},"187":{"start":{"line":466,"column":24},"end":{"line":466,"column":null}},"188":{"start":{"line":467,"column":23},"end":{"line":467,"column":null}},"189":{"start":{"line":468,"column":6},"end":{"line":468,"column":null}},"190":{"start":{"line":471,"column":12},"end":{"line":471,"column":null}},"191":{"start":{"line":473,"column":6},"end":{"line":476,"column":null}},"192":{"start":{"line":474,"column":8},"end":{"line":474,"column":null}},"193":{"start":{"line":475,"column":8},"end":{"line":475,"column":null}},"194":{"start":{"line":478,"column":6},"end":{"line":481,"column":null}},"195":{"start":{"line":479,"column":8},"end":{"line":479,"column":null}},"196":{"start":{"line":480,"column":8},"end":{"line":480,"column":null}},"197":{"start":{"line":483,"column":6},"end":{"line":483,"column":null}},"198":{"start":{"line":486,"column":4},"end":{"line":488,"column":null}},"199":{"start":{"line":487,"column":6},"end":{"line":487,"column":null}},"200":{"start":{"line":490,"column":4},"end":{"line":490,"column":null}},"201":{"start":{"line":497,"column":4},"end":{"line":497,"column":null}},"202":{"start":{"line":498,"column":4},"end":{"line":498,"column":null}},"203":{"start":{"line":505,"column":4},"end":{"line":505,"column":null}},"204":{"start":{"line":506,"column":4},"end":{"line":506,"column":null}},"205":{"start":{"line":513,"column":25},"end":{"line":513,"column":null}},"206":{"start":{"line":514,"column":4},"end":{"line":514,"column":null}},"207":{"start":{"line":517,"column":25},"end":{"line":517,"column":null}},"208":{"start":{"line":518,"column":4},"end":{"line":520,"column":null}},"209":{"start":{"line":519,"column":6},"end":{"line":519,"column":null}},"210":{"start":{"line":523,"column":27},"end":{"line":523,"column":null}},"211":{"start":{"line":524,"column":4},"end":{"line":526,"column":null}},"212":{"start":{"line":525,"column":6},"end":{"line":525,"column":null}},"213":{"start":{"line":529,"column":4},"end":{"line":529,"column":null}},"214":{"start":{"line":531,"column":4},"end":{"line":540,"column":null}},"215":{"start":{"line":533,"column":24},"end":{"line":533,"column":null}},"216":{"start":{"line":534,"column":23},"end":{"line":534,"column":null}},"217":{"start":{"line":536,"column":6},"end":{"line":536,"column":null}},"218":{"start":{"line":539,"column":6},"end":{"line":539,"column":null}},"219":{"start":{"line":547,"column":4},"end":{"line":547,"column":null}},"220":{"start":{"line":547,"column":34},"end":{"line":547,"column":57}},"221":{"start":{"line":554,"column":4},"end":{"line":554,"column":null}}},"fnMap":{"0":{"name":"(anonymous_0)","decl":{"start":{"line":36,"column":2},"end":{"line":36,"column":14}},"loc":{"start":{"line":36,"column":53},"end":{"line":50,"column":null}},"line":36},"1":{"name":"(anonymous_1)","decl":{"start":{"line":55,"column":2},"end":{"line":55,"column":20}},"loc":{"start":{"line":55,"column":48},"end":{"line":57,"column":null}},"line":55},"2":{"name":"(anonymous_2)","decl":{"start":{"line":62,"column":2},"end":{"line":62,"column":19}},"loc":{"start":{"line":62,"column":59},"end":{"line":64,"column":null}},"line":62},"3":{"name":"(anonymous_3)","decl":{"start":{"line":69,"column":10},"end":{"line":69,"column":22}},"loc":{"start":{"line":69,"column":61},"end":{"line":72,"column":null}},"line":69},"4":{"name":"(anonymous_4)","decl":{"start":{"line":77,"column":8},"end":{"line":77,"column":16}},"loc":{"start":{"line":77,"column":64},"end":{"line":117,"column":null}},"line":77},"5":{"name":"(anonymous_5)","decl":{"start":{"line":122,"column":2},"end":{"line":122,"column":15}},"loc":{"start":{"line":122,"column":15},"end":{"line":126,"column":null}},"line":122},"6":{"name":"(anonymous_6)","decl":{"start":{"line":131,"column":2},"end":{"line":131,"column":16}},"loc":{"start":{"line":131,"column":16},"end":{"line":146,"column":null}},"line":131},"7":{"name":"(anonymous_7)","decl":{"start":{"line":141,"column":37},"end":{"line":141,"column":38}},"loc":{"start":{"line":141,"column":50},"end":{"line":143,"column":5}},"line":141},"8":{"name":"(anonymous_8)","decl":{"start":{"line":151,"column":2},"end":{"line":151,"column":17}},"loc":{"start":{"line":151,"column":17},"end":{"line":168,"column":null}},"line":151},"9":{"name":"(anonymous_9)","decl":{"start":{"line":173,"column":16},"end":{"line":173,"column":44}},"loc":{"start":{"line":173,"column":44},"end":{"line":177,"column":null}},"line":173},"10":{"name":"(anonymous_10)","decl":{"start":{"line":182,"column":16},"end":{"line":182,"column":28}},"loc":{"start":{"line":182,"column":83},"end":{"line":256,"column":null}},"line":182},"11":{"name":"(anonymous_11)","decl":{"start":{"line":261,"column":16},"end":{"line":261,"column":31}},"loc":{"start":{"line":261,"column":57},"end":{"line":272,"column":null}},"line":261},"12":{"name":"(anonymous_12)","decl":{"start":{"line":277,"column":16},"end":{"line":277,"column":32}},"loc":{"start":{"line":277,"column":76},"end":{"line":290,"column":null}},"line":277},"13":{"name":"(anonymous_13)","decl":{"start":{"line":295,"column":16},"end":{"line":295,"column":30}},"loc":{"start":{"line":295,"column":74},"end":{"line":318,"column":null}},"line":295},"14":{"name":"(anonymous_14)","decl":{"start":{"line":323,"column":16},"end":{"line":323,"column":31}},"loc":{"start":{"line":323,"column":75},"end":{"line":353,"column":null}},"line":323},"15":{"name":"(anonymous_15)","decl":{"start":{"line":358,"column":16},"end":{"line":358,"column":26}},"loc":{"start":{"line":358,"column":70},"end":{"line":375,"column":null}},"line":358},"16":{"name":"(anonymous_16)","decl":{"start":{"line":380,"column":16},"end":{"line":380,"column":30}},"loc":{"start":{"line":380,"column":74},"end":{"line":398,"column":null}},"line":380},"17":{"name":"(anonymous_17)","decl":{"start":{"line":403,"column":16},"end":{"line":403,"column":28}},"loc":{"start":{"line":403,"column":54},"end":{"line":406,"column":null}},"line":403},"18":{"name":"(anonymous_18)","decl":{"start":{"line":411,"column":16},"end":{"line":411,"column":33}},"loc":{"start":{"line":411,"column":77},"end":{"line":448,"column":null}},"line":411},"19":{"name":"(anonymous_19)","decl":{"start":{"line":453,"column":16},"end":{"line":453,"column":33}},"loc":{"start":{"line":453,"column":77},"end":{"line":491,"column":null}},"line":453},"20":{"name":"(anonymous_20)","decl":{"start":{"line":496,"column":16},"end":{"line":496,"column":35}},"loc":{"start":{"line":496,"column":61},"end":{"line":499,"column":null}},"line":496},"21":{"name":"(anonymous_21)","decl":{"start":{"line":504,"column":16},"end":{"line":504,"column":35}},"loc":{"start":{"line":504,"column":61},"end":{"line":507,"column":null}},"line":504},"22":{"name":"(anonymous_22)","decl":{"start":{"line":512,"column":16},"end":{"line":512,"column":36}},"loc":{"start":{"line":512,"column":80},"end":{"line":541,"column":null}},"line":512},"23":{"name":"(anonymous_23)","decl":{"start":{"line":546,"column":10},"end":{"line":546,"column":16}},"loc":{"start":{"line":546,"column":43},"end":{"line":548,"column":null}},"line":546},"24":{"name":"(anonymous_24)","decl":{"start":{"line":547,"column":23},"end":{"line":547,"column":34}},"loc":{"start":{"line":547,"column":34},"end":{"line":547,"column":57}},"line":547},"25":{"name":"(anonymous_25)","decl":{"start":{"line":553,"column":2},"end":{"line":553,"column":29}},"loc":{"start":{"line":553,"column":29},"end":{"line":555,"column":null}},"line":553}},"branchMap":{"0":{"loc":{"start":{"line":104,"column":6},"end":{"line":107,"column":null}},"type":"if","locations":[{"start":{"line":104,"column":6},"end":{"line":107,"column":null}},{"start":{},"end":{}}],"line":104},"1":{"loc":{"start":{"line":112,"column":23},"end":{"line":112,"column":null}},"type":"cond-expr","locations":[{"start":{"line":112,"column":48},"end":{"line":112,"column":64}},{"start":{"line":112,"column":64},"end":{"line":112,"column":null}}],"line":112},"2":{"loc":{"start":{"line":132,"column":4},"end":{"line":135,"column":null}},"type":"if","locations":[{"start":{"line":132,"column":4},"end":{"line":135,"column":null}},{"start":{},"end":{}}],"line":132},"3":{"loc":{"start":{"line":152,"column":4},"end":{"line":155,"column":null}},"type":"if","locations":[{"start":{"line":152,"column":4},"end":{"line":155,"column":null}},{"start":{},"end":{}}],"line":152},"4":{"loc":{"start":{"line":161,"column":4},"end":{"line":165,"column":null}},"type":"if","locations":[{"start":{"line":161,"column":4},"end":{"line":165,"column":null}},{"start":{},"end":{}}],"line":161},"5":{"loc":{"start":{"line":174,"column":4},"end":{"line":176,"column":null}},"type":"if","locations":[{"start":{"line":174,"column":4},"end":{"line":176,"column":null}},{"start":{},"end":{}}],"line":174},"6":{"loc":{"start":{"line":174,"column":8},"end":{"line":174,"column":45}},"type":"binary-expr","locations":[{"start":{"line":174,"column":8},"end":{"line":174,"column":25}},{"start":{"line":174,"column":25},"end":{"line":174,"column":45}}],"line":174},"7":{"loc":{"start":{"line":184,"column":4},"end":{"line":186,"column":null}},"type":"if","locations":[{"start":{"line":184,"column":4},"end":{"line":186,"column":null}},{"start":{},"end":{}}],"line":184},"8":{"loc":{"start":{"line":197,"column":4},"end":{"line":253,"column":null}},"type":"switch","locations":[{"start":{"line":198,"column":6},"end":{"line":200,"column":null}},{"start":{"line":202,"column":6},"end":{"line":204,"column":null}},{"start":{"line":206,"column":6},"end":{"line":208,"column":null}},{"start":{"line":210,"column":6},"end":{"line":212,"column":null}},{"start":{"line":214,"column":6},"end":{"line":216,"column":null}},{"start":{"line":218,"column":6},"end":{"line":220,"column":null}},{"start":{"line":222,"column":6},"end":{"line":224,"column":null}},{"start":{"line":226,"column":6},"end":{"line":228,"column":null}},{"start":{"line":230,"column":6},"end":{"line":232,"column":null}},{"start":{"line":234,"column":6},"end":{"line":236,"column":null}},{"start":{"line":238,"column":6},"end":{"line":241,"column":null}},{"start":{"line":243,"column":6},"end":{"line":245,"column":null}},{"start":{"line":247,"column":6},"end":{"line":249,"column":null}},{"start":{"line":251,"column":6},"end":{"line":252,"column":null}}],"line":197},"9":{"loc":{"start":{"line":266,"column":4},"end":{"line":268,"column":null}},"type":"if","locations":[{"start":{"line":266,"column":4},"end":{"line":268,"column":null}},{"start":{},"end":{}}],"line":266},"10":{"loc":{"start":{"line":267,"column":41},"end":{"line":267,"column":74}},"type":"binary-expr","locations":[{"start":{"line":267,"column":41},"end":{"line":267,"column":59}},{"start":{"line":267,"column":59},"end":{"line":267,"column":74}}],"line":267},"11":{"loc":{"start":{"line":281,"column":6},"end":{"line":281,"column":null}},"type":"if","locations":[{"start":{"line":281,"column":6},"end":{"line":281,"column":null}},{"start":{},"end":{}}],"line":281},"12":{"loc":{"start":{"line":301,"column":6},"end":{"line":301,"column":null}},"type":"if","locations":[{"start":{"line":301,"column":6},"end":{"line":301,"column":null}},{"start":{},"end":{}}],"line":301},"13":{"loc":{"start":{"line":332,"column":23},"end":{"line":332,"column":59}},"type":"cond-expr","locations":[{"start":{"line":332,"column":40},"end":{"line":332,"column":50}},{"start":{"line":332,"column":50},"end":{"line":332,"column":59}}],"line":332},"14":{"loc":{"start":{"line":333,"column":6},"end":{"line":333,"column":null}},"type":"if","locations":[{"start":{"line":333,"column":6},"end":{"line":333,"column":null}},{"start":{},"end":{}}],"line":333},"15":{"loc":{"start":{"line":363,"column":4},"end":{"line":365,"column":null}},"type":"if","locations":[{"start":{"line":363,"column":4},"end":{"line":365,"column":null}},{"start":{},"end":{}}],"line":363},"16":{"loc":{"start":{"line":369,"column":4},"end":{"line":372,"column":null}},"type":"if","locations":[{"start":{"line":369,"column":4},"end":{"line":372,"column":null}},{"start":{},"end":{}}],"line":369},"17":{"loc":{"start":{"line":385,"column":4},"end":{"line":387,"column":null}},"type":"if","locations":[{"start":{"line":385,"column":4},"end":{"line":387,"column":null}},{"start":{},"end":{}}],"line":385},"18":{"loc":{"start":{"line":391,"column":4},"end":{"line":397,"column":null}},"type":"if","locations":[{"start":{"line":391,"column":4},"end":{"line":397,"column":null}},{"start":{"line":394,"column":11},"end":{"line":397,"column":null}}],"line":391},"19":{"loc":{"start":{"line":416,"column":26},"end":{"line":416,"column":null}},"type":"binary-expr","locations":[{"start":{"line":416,"column":26},"end":{"line":416,"column":48}},{"start":{"line":416,"column":48},"end":{"line":416,"column":null}}],"line":416},"20":{"loc":{"start":{"line":419,"column":6},"end":{"line":419,"column":null}},"type":"if","locations":[{"start":{"line":419,"column":6},"end":{"line":419,"column":null}},{"start":{},"end":{}}],"line":419},"21":{"loc":{"start":{"line":424,"column":6},"end":{"line":427,"column":null}},"type":"if","locations":[{"start":{"line":424,"column":6},"end":{"line":427,"column":null}},{"start":{},"end":{}}],"line":424},"22":{"loc":{"start":{"line":429,"column":6},"end":{"line":432,"column":null}},"type":"if","locations":[{"start":{"line":429,"column":6},"end":{"line":432,"column":null}},{"start":{},"end":{}}],"line":429},"23":{"loc":{"start":{"line":443,"column":4},"end":{"line":445,"column":null}},"type":"if","locations":[{"start":{"line":443,"column":4},"end":{"line":445,"column":null}},{"start":{},"end":{}}],"line":443},"24":{"loc":{"start":{"line":458,"column":26},"end":{"line":458,"column":null}},"type":"binary-expr","locations":[{"start":{"line":458,"column":26},"end":{"line":458,"column":48}},{"start":{"line":458,"column":48},"end":{"line":458,"column":null}}],"line":458},"25":{"loc":{"start":{"line":461,"column":6},"end":{"line":461,"column":null}},"type":"if","locations":[{"start":{"line":461,"column":6},"end":{"line":461,"column":null}},{"start":{},"end":{}}],"line":461},"26":{"loc":{"start":{"line":473,"column":6},"end":{"line":476,"column":null}},"type":"if","locations":[{"start":{"line":473,"column":6},"end":{"line":476,"column":null}},{"start":{},"end":{}}],"line":473},"27":{"loc":{"start":{"line":478,"column":6},"end":{"line":481,"column":null}},"type":"if","locations":[{"start":{"line":478,"column":6},"end":{"line":481,"column":null}},{"start":{},"end":{}}],"line":478},"28":{"loc":{"start":{"line":486,"column":4},"end":{"line":488,"column":null}},"type":"if","locations":[{"start":{"line":486,"column":4},"end":{"line":488,"column":null}},{"start":{},"end":{}}],"line":486},"29":{"loc":{"start":{"line":518,"column":4},"end":{"line":520,"column":null}},"type":"if","locations":[{"start":{"line":518,"column":4},"end":{"line":520,"column":null}},{"start":{},"end":{}}],"line":518},"30":{"loc":{"start":{"line":524,"column":4},"end":{"line":526,"column":null}},"type":"if","locations":[{"start":{"line":524,"column":4},"end":{"line":526,"column":null}},{"start":{},"end":{}}],"line":524}},"s":{"0":31,"1":31,"2":31,"3":31,"4":31,"5":31,"6":31,"7":31,"8":31,"9":2,"10":162,"11":162,"12":31,"13":31,"14":31,"15":31,"16":31,"17":31,"18":31,"19":31,"20":31,"21":26,"22":1,"23":1,"24":25,"25":25,"26":5,"27":5,"28":5,"29":5,"30":1,"31":1,"32":1,"33":1,"34":0,"35":0,"36":1,"37":1,"38":1,"39":1,"40":1,"41":1,"42":1,"43":1,"44":0,"45":0,"46":0,"47":0,"48":0,"49":0,"50":0,"51":98,"52":0,"53":98,"54":0,"55":98,"56":98,"57":98,"58":98,"59":98,"60":50,"61":47,"62":9,"63":8,"64":4,"65":4,"66":3,"67":3,"68":3,"69":3,"70":2,"71":2,"72":4,"73":4,"74":2,"75":2,"76":1,"77":1,"78":5,"79":5,"80":0,"81":0,"82":2,"83":2,"84":13,"85":1,"86":0,"87":82,"88":50,"89":50,"90":50,"91":3,"92":47,"93":9,"94":9,"95":9,"96":19,"97":1,"98":18,"99":18,"100":18,"101":17,"102":8,"103":4,"104":4,"105":4,"106":4,"107":11,"108":0,"109":11,"110":11,"111":11,"112":11,"113":11,"114":11,"115":11,"116":4,"117":3,"118":3,"119":3,"120":3,"121":3,"122":3,"123":3,"124":14,"125":0,"126":14,"127":14,"128":14,"129":14,"130":14,"131":14,"132":14,"133":3,"134":3,"135":3,"136":4,"137":4,"138":4,"139":0,"140":4,"141":4,"142":3,"143":3,"144":1,"145":2,"146":2,"147":2,"148":0,"149":2,"150":2,"151":1,"152":1,"153":1,"154":1,"155":1,"156":1,"157":3,"158":3,"159":3,"160":3,"161":3,"162":8,"163":0,"164":8,"165":8,"166":0,"167":0,"168":8,"169":2,"170":2,"171":6,"172":6,"173":6,"174":6,"175":6,"176":3,"177":1,"178":3,"179":2,"180":2,"181":2,"182":2,"183":2,"184":2,"185":0,"186":2,"187":2,"188":2,"189":2,"190":2,"191":2,"192":0,"193":0,"194":2,"195":2,"196":2,"197":0,"198":2,"199":0,"200":2,"201":5,"202":5,"203":2,"204":2,"205":13,"206":13,"207":13,"208":13,"209":1,"210":12,"211":12,"212":1,"213":11,"214":11,"215":11,"216":11,"217":1,"218":11,"219":48,"220":48,"221":6},"f":{"0":31,"1":31,"2":2,"3":162,"4":31,"5":1,"6":1,"7":1,"8":1,"9":98,"10":98,"11":50,"12":9,"13":4,"14":3,"15":4,"16":2,"17":1,"18":3,"19":2,"20":5,"21":2,"22":13,"23":48,"24":48,"25":6},"b":{"0":[1,25],"1":[5,0],"2":[0,1],"3":[1,0],"4":[0,0],"5":[0,98],"6":[98,0],"7":[0,98],"8":[50,9,4,3,3,2,4,2,1,5,0,2,13,0],"9":[3,47],"10":[3,0],"11":[1,18],"12":[0,11],"13":[11,6],"14":[0,14],"15":[0,4],"16":[3,1],"17":[0,2],"18":[1,1],"19":[3,0],"20":[0,8],"21":[0,8],"22":[2,6],"23":[1,2],"24":[2,0],"25":[0,2],"26":[0,2],"27":[2,0],"28":[0,2],"29":[1,12],"30":[1,11]},"meta":{"lastBranch":31,"lastFunction":26,"lastStatement":222,"seen":{"s:30:57:30:Infinity":0,"s:31:32:31:Infinity":1,"s:32:30:32:Infinity":2,"s:33:48:33:Infinity":3,"s:34:48:34:Infinity":4,"f:36:2:36:14":0,"s:37:4:37:Infinity":5,"s:38:4:38:Infinity":6,"s:39:4:49:Infinity":7,"f:55:2:55:20":1,"s:56:4:56:Infinity":8,"f:62:2:62:19":2,"s:63:4:63:Infinity":9,"f:69:10:69:22":3,"s:70:4:70:Infinity":10,"s:71:4:71:Infinity":11,"f:77:8:77:16":4,"s:78:4:78:Infinity":12,"s:81:4:81:Infinity":13,"s:82:4:82:Infinity":14,"s:83:4:83:Infinity":15,"s:84:4:84:Infinity":16,"s:86:4:97:Infinity":17,"s:99:24:99:Infinity":18,"s:101:4:116:Infinity":19,"s:102:6:102:Infinity":20,"b:104:6:107:Infinity:undefined:undefined:undefined:undefined":0,"s:104:6:107:Infinity":21,"s:105:8:105:Infinity":22,"s:106:8:106:Infinity":23,"s:109:6:109:Infinity":24,"s:110:6:110:Infinity":25,"s:112:23:112:Infinity":26,"b:112:48:112:64:112:64:112:Infinity":1,"s:113:6:113:Infinity":27,"s:114:6:114:Infinity":28,"s:115:6:115:Infinity":29,"f:122:2:122:15":5,"s:123:4:123:Infinity":30,"s:124:4:124:Infinity":31,"s:125:4:125:Infinity":32,"f:131:2:131:16":6,"b:132:4:135:Infinity:undefined:undefined:undefined:undefined":2,"s:132:4:135:Infinity":33,"s:133:6:133:Infinity":34,"s:134:6:134:Infinity":35,"s:137:4:137:Infinity":36,"s:138:4:138:Infinity":37,"s:141:4:143:Infinity":38,"f:141:37:141:38":7,"s:142:6:142:Infinity":39,"s:145:4:145:Infinity":40,"f:151:2:151:17":8,"b:152:4:155:Infinity:undefined:undefined:undefined:undefined":3,"s:152:4:155:Infinity":41,"s:153:6:153:Infinity":42,"s:154:6:154:Infinity":43,"s:157:4:157:Infinity":44,"s:158:4:158:Infinity":45,"b:161:4:165:Infinity:undefined:undefined:undefined:undefined":4,"s:161:4:165:Infinity":46,"s:162:6:162:Infinity":47,"s:163:6:163:Infinity":48,"s:164:6:164:Infinity":49,"s:167:4:167:Infinity":50,"f:173:16:173:44":9,"b:174:4:176:Infinity:undefined:undefined:undefined:undefined":5,"s:174:4:176:Infinity":51,"b:174:8:174:25:174:25:174:45":6,"s:175:6:175:Infinity":52,"f:182:16:182:28":10,"b:184:4:186:Infinity:undefined:undefined:undefined:undefined":7,"s:184:4:186:Infinity":53,"s:185:6:185:Infinity":54,"s:189:4:189:Infinity":55,"s:191:4:191:Infinity":56,"s:193:4:193:Infinity":57,"s:195:24:195:Infinity":58,"b:198:6:200:Infinity:202:6:204:Infinity:206:6:208:Infinity:210:6:212:Infinity:214:6:216:Infinity:218:6:220:Infinity:222:6:224:Infinity:226:6:228:Infinity:230:6:232:Infinity:234:6:236:Infinity:238:6:241:Infinity:243:6:245:Infinity:247:6:249:Infinity:251:6:252:Infinity":8,"s:197:4:253:Infinity":59,"s:199:8:199:Infinity":60,"s:200:8:200:Infinity":61,"s:203:8:203:Infinity":62,"s:204:8:204:Infinity":63,"s:207:8:207:Infinity":64,"s:208:8:208:Infinity":65,"s:211:8:211:Infinity":66,"s:212:8:212:Infinity":67,"s:215:8:215:Infinity":68,"s:216:8:216:Infinity":69,"s:219:8:219:Infinity":70,"s:220:8:220:Infinity":71,"s:223:8:223:Infinity":72,"s:224:8:224:Infinity":73,"s:227:8:227:Infinity":74,"s:228:8:228:Infinity":75,"s:231:8:231:Infinity":76,"s:232:8:232:Infinity":77,"s:235:8:235:Infinity":78,"s:236:8:236:Infinity":79,"s:240:8:240:Infinity":80,"s:241:8:241:Infinity":81,"s:244:8:244:Infinity":82,"s:245:8:245:Infinity":83,"s:248:8:248:Infinity":84,"s:249:8:249:Infinity":85,"s:252:8:252:Infinity":86,"s:255:4:255:Infinity":87,"f:261:16:261:31":11,"s:262:4:262:Infinity":88,"s:264:38:264:Infinity":89,"b:266:4:268:Infinity:undefined:undefined:undefined:undefined":9,"s:266:4:268:Infinity":90,"s:267:6:267:Infinity":91,"b:267:41:267:59:267:59:267:74":10,"s:271:4:271:Infinity":92,"f:277:16:277:32":12,"s:278:24:278:Infinity":93,"s:280:4:287:Infinity":94,"s:280:17:280:20":95,"b:281:6:281:Infinity:undefined:undefined:undefined:undefined":11,"s:281:6:281:Infinity":96,"s:281:27:281:Infinity":97,"s:283:20:283:Infinity":98,"s:284:24:284:Infinity":99,"s:285:23:285:Infinity":100,"s:286:6:286:Infinity":101,"s:289:4:289:Infinity":102,"f:295:16:295:30":13,"s:296:4:296:Infinity":103,"s:298:24:298:Infinity":104,"s:300:4:315:Infinity":105,"s:300:17:300:20":106,"b:301:6:301:Infinity:undefined:undefined:undefined:undefined":12,"s:301:6:301:Infinity":107,"s:301:27:301:Infinity":108,"s:303:6:303:Infinity":109,"s:306:29:306:Infinity":110,"s:307:6:307:Infinity":111,"s:309:24:309:Infinity":112,"s:310:23:310:Infinity":113,"s:311:6:311:Infinity":114,"s:314:6:314:Infinity":115,"s:317:4:317:Infinity":116,"f:323:16:323:31":14,"s:324:4:324:Infinity":117,"s:326:24:326:Infinity":118,"s:327:39:327:Infinity":119,"s:329:27:329:Infinity":120,"s:330:20:330:Infinity":121,"s:332:4:346:Infinity":122,"s:332:17:332:23":123,"b:332:40:332:50:332:50:332:59":13,"b:333:6:333:Infinity:undefined:undefined:undefined:undefined":14,"s:333:6:333:Infinity":124,"s:333:27:333:Infinity":125,"s:335:6:335:Infinity":126,"s:338:6:338:Infinity":127,"s:339:6:339:Infinity":128,"s:341:24:341:Infinity":129,"s:342:23:342:Infinity":130,"s:343:6:343:Infinity":131,"s:345:6:345:Infinity":132,"s:349:4:349:Infinity":133,"s:350:4:350:Infinity":134,"s:352:4:352:Infinity":135,"f:358:16:358:26":15,"s:359:4:359:Infinity":136,"s:361:10:361:Infinity":137,"b:363:4:365:Infinity:undefined:undefined:undefined:undefined":15,"s:363:4:365:Infinity":138,"s:364:6:364:Infinity":139,"s:367:4:367:Infinity":140,"b:369:4:372:Infinity:undefined:undefined:undefined:undefined":16,"s:369:4:372:Infinity":141,"s:370:24:370:Infinity":142,"s:371:6:371:Infinity":143,"s:374:4:374:Infinity":144,"f:380:16:380:30":16,"s:381:4:381:Infinity":145,"s:383:10:383:Infinity":146,"b:385:4:387:Infinity:undefined:undefined:undefined:undefined":17,"s:385:4:387:Infinity":147,"s:386:6:386:Infinity":148,"s:389:4:389:Infinity":149,"b:391:4:397:Infinity:394:11:397:Infinity":18,"s:391:4:397:Infinity":150,"s:392:24:392:Infinity":151,"s:393:6:393:Infinity":152,"s:395:24:395:Infinity":153,"s:396:6:396:Infinity":154,"f:403:16:403:28":17,"s:404:4:404:Infinity":155,"s:405:4:405:Infinity":156,"f:411:16:411:33":18,"s:412:4:412:Infinity":157,"s:414:24:414:Infinity":158,"s:415:20:415:Infinity":159,"s:416:26:416:Infinity":160,"b:416:26:416:48:416:48:416:Infinity":19,"s:418:4:441:Infinity":161,"b:419:6:419:Infinity:undefined:undefined:undefined:undefined":20,"s:419:6:419:Infinity":162,"s:419:27:419:Infinity":163,"s:422:12:422:Infinity":164,"b:424:6:427:Infinity:undefined:undefined:undefined:undefined":21,"s:424:6:427:Infinity":165,"s:425:8:425:Infinity":166,"s:426:8:426:Infinity":167,"b:429:6:432:Infinity:undefined:undefined:undefined:undefined":22,"s:429:6:432:Infinity":168,"s:430:8:430:Infinity":169,"s:431:8:431:Infinity":170,"s:434:6:434:Infinity":171,"s:436:24:436:Infinity":172,"s:437:23:437:Infinity":173,"s:438:6:438:Infinity":174,"s:440:6:440:Infinity":175,"b:443:4:445:Infinity:undefined:undefined:undefined:undefined":23,"s:443:4:445:Infinity":176,"s:444:6:444:Infinity":177,"s:447:4:447:Infinity":178,"f:453:16:453:33":19,"s:454:4:454:Infinity":179,"s:456:24:456:Infinity":180,"s:457:20:457:Infinity":181,"s:458:26:458:Infinity":182,"b:458:26:458:48:458:48:458:Infinity":24,"s:460:4:484:Infinity":183,"b:461:6:461:Infinity:undefined:undefined:undefined:undefined":25,"s:461:6:461:Infinity":184,"s:461:27:461:Infinity":185,"s:463:6:463:Infinity":186,"s:466:24:466:Infinity":187,"s:467:23:467:Infinity":188,"s:468:6:468:Infinity":189,"s:471:12:471:Infinity":190,"b:473:6:476:Infinity:undefined:undefined:undefined:undefined":26,"s:473:6:476:Infinity":191,"s:474:8:474:Infinity":192,"s:475:8:475:Infinity":193,"b:478:6:481:Infinity:undefined:undefined:undefined:undefined":27,"s:478:6:481:Infinity":194,"s:479:8:479:Infinity":195,"s:480:8:480:Infinity":196,"s:483:6:483:Infinity":197,"b:486:4:488:Infinity:undefined:undefined:undefined:undefined":28,"s:486:4:488:Infinity":198,"s:487:6:487:Infinity":199,"s:490:4:490:Infinity":200,"f:496:16:496:35":20,"s:497:4:497:Infinity":201,"s:498:4:498:Infinity":202,"f:504:16:504:35":21,"s:505:4:505:Infinity":203,"s:506:4:506:Infinity":204,"f:512:16:512:36":22,"s:513:25:513:Infinity":205,"s:514:4:514:Infinity":206,"s:517:25:517:Infinity":207,"b:518:4:520:Infinity:undefined:undefined:undefined:undefined":29,"s:518:4:520:Infinity":208,"s:519:6:519:Infinity":209,"s:523:27:523:Infinity":210,"b:524:4:526:Infinity:undefined:undefined:undefined:undefined":30,"s:524:4:526:Infinity":211,"s:525:6:525:Infinity":212,"s:529:4:529:Infinity":213,"s:531:4:540:Infinity":214,"s:533:24:533:Infinity":215,"s:534:23:534:Infinity":216,"s:536:6:536:Infinity":217,"s:539:6:539:Infinity":218,"f:546:10:546:16":23,"s:547:4:547:Infinity":219,"f:547:23:547:34":24,"s:547:34:547:57":220,"f:553:2:553:29":25,"s:554:4:554:Infinity":221}}}
,"C:\\Users\\sebit\\Documents\\GitHub\\blockly Sim\\drone-swarm-gcs\\src\\services\\mavlink\\CoordinateConverter.ts": {"path":"C:\\Users\\sebit\\Documents\\GitHub\\blockly Sim\\drone-swarm-gcs\\src\\services\\mavlink\\CoordinateConverter.ts","statementMap":{"0":{"start":{"line":12,"column":21},"end":{"line":12,"column":null}},"1":{"start":{"line":19,"column":33},"end":{"line":19,"column":null}},"2":{"start":{"line":20,"column":34},"end":{"line":20,"column":null}},"3":{"start":{"line":21,"column":33},"end":{"line":21,"column":null}},"4":{"start":{"line":22,"column":31},"end":{"line":22,"column":null}},"5":{"start":{"line":28,"column":4},"end":{"line":28,"column":null}},"6":{"start":{"line":29,"column":4},"end":{"line":29,"column":null}},"7":{"start":{"line":30,"column":4},"end":{"line":30,"column":null}},"8":{"start":{"line":31,"column":4},"end":{"line":31,"column":null}},"9":{"start":{"line":38,"column":4},"end":{"line":38,"column":null}},"10":{"start":{"line":45,"column":4},"end":{"line":49,"column":null}},"11":{"start":{"line":66,"column":4},"end":{"line":71,"column":null}},"12":{"start":{"line":67,"column":6},"end":{"line":70,"column":null}},"13":{"start":{"line":74,"column":20},"end":{"line":74,"column":null}},"14":{"start":{"line":75,"column":24},"end":{"line":75,"column":null}},"15":{"start":{"line":76,"column":20},"end":{"line":76,"column":null}},"16":{"start":{"line":77,"column":24},"end":{"line":77,"column":null}},"17":{"start":{"line":80,"column":17},"end":{"line":80,"column":null}},"18":{"start":{"line":81,"column":17},"end":{"line":81,"column":null}},"19":{"start":{"line":84,"column":18},"end":{"line":84,"column":null}},"20":{"start":{"line":85,"column":17},"end":{"line":85,"column":null}},"21":{"start":{"line":86,"column":17},"end":{"line":86,"column":null}},"22":{"start":{"line":88,"column":4},"end":{"line":88,"column":null}},"23":{"start":{"line":105,"column":4},"end":{"line":110,"column":null}},"24":{"start":{"line":106,"column":6},"end":{"line":109,"column":null}},"25":{"start":{"line":113,"column":24},"end":{"line":113,"column":null}},"26":{"start":{"line":116,"column":17},"end":{"line":116,"column":null}},"27":{"start":{"line":117,"column":17},"end":{"line":117,"column":null}},"28":{"start":{"line":120,"column":21},"end":{"line":120,"column":null}},"29":{"start":{"line":121,"column":22},"end":{"line":121,"column":null}},"30":{"start":{"line":122,"column":21},"end":{"line":122,"column":null}},"31":{"start":{"line":124,"column":4},"end":{"line":124,"column":null}},"32":{"start":{"line":137,"column":28},"end":{"line":141,"column":null}},"33":{"start":{"line":143,"column":4},"end":{"line":147,"column":null}},"34":{"start":{"line":158,"column":46},"end":{"line":158,"column":null}},"35":{"start":{"line":160,"column":4},"end":{"line":165,"column":null}},"36":{"start":{"line":178,"column":21},"end":{"line":178,"column":null}},"37":{"start":{"line":179,"column":21},"end":{"line":179,"column":null}},"38":{"start":{"line":180,"column":10},"end":{"line":180,"column":null}},"39":{"start":{"line":181,"column":10},"end":{"line":181,"column":null}},"40":{"start":{"line":184,"column":6},"end":{"line":188,"column":null}},"41":{"start":{"line":190,"column":14},"end":{"line":190,"column":null}},"42":{"start":{"line":191,"column":4},"end":{"line":191,"column":null}},"43":{"start":{"line":204,"column":21},"end":{"line":204,"column":null}},"44":{"start":{"line":205,"column":21},"end":{"line":205,"column":null}},"45":{"start":{"line":206,"column":10},"end":{"line":206,"column":null}},"46":{"start":{"line":208,"column":14},"end":{"line":208,"column":null}},"47":{"start":{"line":210,"column":6},"end":{"line":211,"column":null}},"48":{"start":{"line":213,"column":23},"end":{"line":213,"column":null}},"49":{"start":{"line":214,"column":24},"end":{"line":214,"column":null}},"50":{"start":{"line":216,"column":4},"end":{"line":216,"column":null}},"51":{"start":{"line":223,"column":35},"end":{"line":223,"column":null}}},"fnMap":{"0":{"name":"(anonymous_0)","decl":{"start":{"line":27,"column":2},"end":{"line":27,"column":10}},"loc":{"start":{"line":27,"column":71},"end":{"line":32,"column":null}},"line":27},"1":{"name":"(anonymous_1)","decl":{"start":{"line":37,"column":2},"end":{"line":37,"column":21}},"loc":{"start":{"line":37,"column":21},"end":{"line":39,"column":null}},"line":37},"2":{"name":"(anonymous_2)","decl":{"start":{"line":44,"column":2},"end":{"line":44,"column":71}},"loc":{"start":{"line":44,"column":71},"end":{"line":50,"column":null}},"line":44},"3":{"name":"(anonymous_3)","decl":{"start":{"line":61,"column":2},"end":{"line":61,"column":null}},"loc":{"start":{"line":65,"column":51},"end":{"line":89,"column":null}},"line":65},"4":{"name":"(anonymous_4)","decl":{"start":{"line":100,"column":2},"end":{"line":100,"column":null}},"loc":{"start":{"line":104,"column":63},"end":{"line":125,"column":null}},"line":104},"5":{"name":"(anonymous_5)","decl":{"start":{"line":131,"column":2},"end":{"line":131,"column":null}},"loc":{"start":{"line":136,"column":41},"end":{"line":148,"column":null}},"line":136},"6":{"name":"(anonymous_6)","decl":{"start":{"line":153,"column":2},"end":{"line":153,"column":null}},"loc":{"start":{"line":157,"column":68},"end":{"line":166,"column":null}},"line":157},"7":{"name":"(anonymous_7)","decl":{"start":{"line":172,"column":2},"end":{"line":172,"column":null}},"loc":{"start":{"line":177,"column":12},"end":{"line":192,"column":null}},"line":177},"8":{"name":"(anonymous_8)","decl":{"start":{"line":198,"column":2},"end":{"line":198,"column":null}},"loc":{"start":{"line":203,"column":12},"end":{"line":217,"column":null}},"line":203}},"branchMap":{"0":{"loc":{"start":{"line":66,"column":4},"end":{"line":71,"column":null}},"type":"if","locations":[{"start":{"line":66,"column":4},"end":{"line":71,"column":null}},{"start":{},"end":{}}],"line":66},"1":{"loc":{"start":{"line":105,"column":4},"end":{"line":110,"column":null}},"type":"if","locations":[{"start":{"line":105,"column":4},"end":{"line":110,"column":null}},{"start":{},"end":{}}],"line":105}},"s":{"0":2,"1":2,"2":2,"3":2,"4":2,"5":6,"6":6,"7":6,"8":6,"9":0,"10":0,"11":7,"12":0,"13":7,"14":7,"15":7,"16":7,"17":7,"18":7,"19":7,"20":7,"21":7,"22":7,"23":1,"24":0,"25":1,"26":1,"27":1,"28":1,"29":1,"30":1,"31":1,"32":7,"33":7,"34":1,"35":1,"36":0,"37":0,"38":0,"39":0,"40":0,"41":0,"42":0,"43":0,"44":0,"45":0,"46":0,"47":0,"48":0,"49":0,"50":0,"51":2},"f":{"0":6,"1":0,"2":0,"3":7,"4":1,"5":7,"6":1,"7":0,"8":0},"b":{"0":[0,7],"1":[0,1]},"meta":{"lastBranch":2,"lastFunction":9,"lastStatement":52,"seen":{"s:12:21:12:Infinity":0,"s:19:33:19:Infinity":1,"s:20:34:20:Infinity":2,"s:21:33:21:Infinity":3,"s:22:31:22:Infinity":4,"f:27:2:27:10":0,"s:28:4:28:Infinity":5,"s:29:4:29:Infinity":6,"s:30:4:30:Infinity":7,"s:31:4:31:Infinity":8,"f:37:2:37:21":1,"s:38:4:38:Infinity":9,"f:44:2:44:71":2,"s:45:4:49:Infinity":10,"f:61:2:61:Infinity":3,"b:66:4:71:Infinity:undefined:undefined:undefined:undefined":0,"s:66:4:71:Infinity":11,"s:67:6:70:Infinity":12,"s:74:20:74:Infinity":13,"s:75:24:75:Infinity":14,"s:76:20:76:Infinity":15,"s:77:24:77:Infinity":16,"s:80:17:80:Infinity":17,"s:81:17:81:Infinity":18,"s:84:18:84:Infinity":19,"s:85:17:85:Infinity":20,"s:86:17:86:Infinity":21,"s:88:4:88:Infinity":22,"f:100:2:100:Infinity":4,"b:105:4:110:Infinity:undefined:undefined:undefined:undefined":1,"s:105:4:110:Infinity":23,"s:106:6:109:Infinity":24,"s:113:24:113:Infinity":25,"s:116:17:116:Infinity":26,"s:117:17:117:Infinity":27,"s:120:21:120:Infinity":28,"s:121:22:121:Infinity":29,"s:122:21:122:Infinity":30,"s:124:4:124:Infinity":31,"f:131:2:131:Infinity":5,"s:137:28:141:Infinity":32,"s:143:4:147:Infinity":33,"f:153:2:153:Infinity":6,"s:158:46:158:Infinity":34,"s:160:4:165:Infinity":35,"f:172:2:172:Infinity":7,"s:178:21:178:Infinity":36,"s:179:21:179:Infinity":37,"s:180:10:180:Infinity":38,"s:181:10:181:Infinity":39,"s:184:6:188:Infinity":40,"s:190:14:190:Infinity":41,"s:191:4:191:Infinity":42,"f:198:2:198:Infinity":8,"s:204:21:204:Infinity":43,"s:205:21:205:Infinity":44,"s:206:10:206:Infinity":45,"s:208:14:208:Infinity":46,"s:210:6:211:Infinity":47,"s:213:23:213:Infinity":48,"s:214:24:214:Infinity":49,"s:216:4:216:Infinity":50,"s:223:35:223:Infinity":51}}}
,"C:\\Users\\sebit\\Documents\\GitHub\\blockly Sim\\drone-swarm-gcs\\src\\services\\mavlink\\MAVLinkCommands.ts": {"path":"C:\\Users\\sebit\\Documents\\GitHub\\blockly Sim\\drone-swarm-gcs\\src\\services\\mavlink\\MAVLinkCommands.ts","statementMap":{"0":{"start":{"line":11,"column":23},"end":{"line":84,"column":null}},"1":{"start":{"line":93,"column":30},"end":{"line":183,"column":null}},"2":{"start":{"line":206,"column":2},"end":{"line":219,"column":null}},"3":{"start":{"line":225,"column":29},"end":{"line":231,"column":null}},"4":{"start":{"line":257,"column":2},"end":{"line":274,"column":null}}},"fnMap":{"0":{"name":"createCommandLong","decl":{"start":{"line":205,"column":16},"end":{"line":205,"column":34}},"loc":{"start":{"line":205,"column":61},"end":{"line":220,"column":null}},"line":205},"1":{"name":"createMissionItem","decl":{"start":{"line":256,"column":16},"end":{"line":256,"column":34}},"loc":{"start":{"line":256,"column":61},"end":{"line":275,"column":null}},"line":256}},"branchMap":{"0":{"loc":{"start":{"line":208,"column":19},"end":{"line":208,"column":null}},"type":"binary-expr","locations":[{"start":{"line":208,"column":19},"end":{"line":208,"column":43}},{"start":{"line":208,"column":43},"end":{"line":208,"column":null}}],"line":208},"1":{"loc":{"start":{"line":209,"column":22},"end":{"line":209,"column":null}},"type":"binary-expr","locations":[{"start":{"line":209,"column":22},"end":{"line":209,"column":49}},{"start":{"line":209,"column":49},"end":{"line":209,"column":null}}],"line":209},"2":{"loc":{"start":{"line":211,"column":18},"end":{"line":211,"column":null}},"type":"binary-expr","locations":[{"start":{"line":211,"column":18},"end":{"line":211,"column":41}},{"start":{"line":211,"column":41},"end":{"line":211,"column":null}}],"line":211},"3":{"loc":{"start":{"line":212,"column":12},"end":{"line":212,"column":null}},"type":"binary-expr","locations":[{"start":{"line":212,"column":12},"end":{"line":212,"column":29}},{"start":{"line":212,"column":29},"end":{"line":212,"column":null}}],"line":212},"4":{"loc":{"start":{"line":213,"column":12},"end":{"line":213,"column":null}},"type":"binary-expr","locations":[{"start":{"line":213,"column":12},"end":{"line":213,"column":29}},{"start":{"line":213,"column":29},"end":{"line":213,"column":null}}],"line":213},"5":{"loc":{"start":{"line":214,"column":12},"end":{"line":214,"column":null}},"type":"binary-expr","locations":[{"start":{"line":214,"column":12},"end":{"line":214,"column":29}},{"start":{"line":214,"column":29},"end":{"line":214,"column":null}}],"line":214},"6":{"loc":{"start":{"line":215,"column":12},"end":{"line":215,"column":null}},"type":"binary-expr","locations":[{"start":{"line":215,"column":12},"end":{"line":215,"column":29}},{"start":{"line":215,"column":29},"end":{"line":215,"column":null}}],"line":215},"7":{"loc":{"start":{"line":216,"column":12},"end":{"line":216,"column":null}},"type":"binary-expr","locations":[{"start":{"line":216,"column":12},"end":{"line":216,"column":29}},{"start":{"line":216,"column":29},"end":{"line":216,"column":null}}],"line":216},"8":{"loc":{"start":{"line":217,"column":12},"end":{"line":217,"column":null}},"type":"binary-expr","locations":[{"start":{"line":217,"column":12},"end":{"line":217,"column":29}},{"start":{"line":217,"column":29},"end":{"line":217,"column":null}}],"line":217},"9":{"loc":{"start":{"line":218,"column":12},"end":{"line":218,"column":null}},"type":"binary-expr","locations":[{"start":{"line":218,"column":12},"end":{"line":218,"column":29}},{"start":{"line":218,"column":29},"end":{"line":218,"column":null}}],"line":218},"10":{"loc":{"start":{"line":259,"column":19},"end":{"line":259,"column":null}},"type":"binary-expr","locations":[{"start":{"line":259,"column":19},"end":{"line":259,"column":43}},{"start":{"line":259,"column":43},"end":{"line":259,"column":null}}],"line":259},"11":{"loc":{"start":{"line":260,"column":22},"end":{"line":260,"column":null}},"type":"binary-expr","locations":[{"start":{"line":260,"column":22},"end":{"line":260,"column":49}},{"start":{"line":260,"column":49},"end":{"line":260,"column":null}}],"line":260},"12":{"loc":{"start":{"line":262,"column":11},"end":{"line":262,"column":null}},"type":"binary-expr","locations":[{"start":{"line":262,"column":11},"end":{"line":262,"column":27}},{"start":{"line":262,"column":27},"end":{"line":262,"column":null}}],"line":262},"13":{"loc":{"start":{"line":264,"column":13},"end":{"line":264,"column":null}},"type":"binary-expr","locations":[{"start":{"line":264,"column":13},"end":{"line":264,"column":31}},{"start":{"line":264,"column":31},"end":{"line":264,"column":null}}],"line":264},"14":{"loc":{"start":{"line":265,"column":18},"end":{"line":265,"column":null}},"type":"binary-expr","locations":[{"start":{"line":265,"column":18},"end":{"line":265,"column":41}},{"start":{"line":265,"column":41},"end":{"line":265,"column":null}}],"line":265},"15":{"loc":{"start":{"line":266,"column":12},"end":{"line":266,"column":null}},"type":"binary-expr","locations":[{"start":{"line":266,"column":12},"end":{"line":266,"column":29}},{"start":{"line":266,"column":29},"end":{"line":266,"column":null}}],"line":266},"16":{"loc":{"start":{"line":267,"column":12},"end":{"line":267,"column":null}},"type":"binary-expr","locations":[{"start":{"line":267,"column":12},"end":{"line":267,"column":29}},{"start":{"line":267,"column":29},"end":{"line":267,"column":null}}],"line":267},"17":{"loc":{"start":{"line":268,"column":12},"end":{"line":268,"column":null}},"type":"binary-expr","locations":[{"start":{"line":268,"column":12},"end":{"line":268,"column":29}},{"start":{"line":268,"column":29},"end":{"line":268,"column":null}}],"line":268},"18":{"loc":{"start":{"line":269,"column":12},"end":{"line":269,"column":null}},"type":"binary-expr","locations":[{"start":{"line":269,"column":12},"end":{"line":269,"column":29}},{"start":{"line":269,"column":29},"end":{"line":269,"column":null}}],"line":269}},"s":{"0":2,"1":2,"2":0,"3":2,"4":0},"f":{"0":0,"1":0},"b":{"0":[0,0],"1":[0,0],"2":[0,0],"3":[0,0],"4":[0,0],"5":[0,0],"6":[0,0],"7":[0,0],"8":[0,0],"9":[0,0],"10":[0,0],"11":[0,0],"12":[0,0],"13":[0,0],"14":[0,0],"15":[0,0],"16":[0,0],"17":[0,0],"18":[0,0]},"meta":{"lastBranch":19,"lastFunction":2,"lastStatement":5,"seen":{"s:11:23:84:Infinity":0,"s:93:30:183:Infinity":1,"f:205:16:205:34":0,"s:206:2:219:Infinity":2,"b:208:19:208:43:208:43:208:Infinity":0,"b:209:22:209:49:209:49:209:Infinity":1,"b:211:18:211:41:211:41:211:Infinity":2,"b:212:12:212:29:212:29:212:Infinity":3,"b:213:12:213:29:213:29:213:Infinity":4,"b:214:12:214:29:214:29:214:Infinity":5,"b:215:12:215:29:215:29:215:Infinity":6,"b:216:12:216:29:216:29:216:Infinity":7,"b:217:12:217:29:217:29:217:Infinity":8,"b:218:12:218:29:218:29:218:Infinity":9,"s:225:29:231:Infinity":3,"f:256:16:256:34":1,"s:257:2:274:Infinity":4,"b:259:19:259:43:259:43:259:Infinity":10,"b:260:22:260:49:260:49:260:Infinity":11,"b:262:11:262:27:262:27:262:Infinity":12,"b:264:13:264:31:264:31:264:Infinity":13,"b:265:18:265:41:265:41:265:Infinity":14,"b:266:12:266:29:266:29:266:Infinity":15,"b:267:12:267:29:267:29:267:Infinity":16,"b:268:12:268:29:268:29:268:Infinity":17,"b:269:12:269:29:269:29:269:Infinity":18}}}
[...]
7},"17":{"name":"unpackFloat","decl":{"start":{"line":519,"column":16},"end":{"line":519,"column":28}},"loc":{"start":{"line":519,"column":72},"end":{"line":522,"column":null}},"line":519}},"branchMap":{"0":{"loc":{"start":{"line":262,"column":2},"end":{"line":262,"column":null}},"type":"default-arg","locations":[{"start":{"line":262,"column":18},"end":{"line":262,"column":null}}],"line":262},"1":{"loc":{"start":{"line":263,"column":2},"end":{"line":263,"column":null}},"type":"default-arg","locations":[{"start":{"line":263,"column":19},"end":{"line":263,"column":null}}],"line":263},"2":{"loc":{"start":{"line":264,"column":2},"end":{"line":264,"column":null}},"type":"default-arg","locations":[{"start":{"line":264,"column":16},"end":{"line":264,"column":null}}],"line":264},"3":{"loc":{"start":{"line":297,"column":19},"end":{"line":297,"column":null}},"type":"binary-expr","locations":[{"start":{"line":297,"column":19},"end":{"line":297,"column":39}},{"start":{"line":297,"column":39},"end":{"line":297,"column":null}}],"line":297},"4":{"loc":{"start":{"line":335,"column":48},"end":{"line":335,"column":99}},"type":"default-arg","locations":[{"start":{"line":335,"column":71},"end":{"line":335,"column":99}}],"line":335},"5":{"loc":{"start":{"line":337,"column":2},"end":{"line":342,"column":null}},"type":"if","locations":[{"start":{"line":337,"column":2},"end":{"line":342,"column":null}},{"start":{},"end":{}}],"line":337},"6":{"loc":{"start":{"line":345,"column":2},"end":{"line":350,"column":null}},"type":"if","locations":[{"start":{"line":345,"column":2},"end":{"line":350,"column":null}},{"start":{},"end":{}}],"line":345},"7":{"loc":{"start":{"line":355,"column":2},"end":{"line":360,"column":null}},"type":"if","locations":[{"start":{"line":355,"column":2},"end":{"line":360,"column":null}},{"start":{},"end":{}}],"line":355},"8":{"loc":{"start":{"line":366,"column":2},"end":{"line":384,"column":null}},"type":"if","locations":[{"start":{"line":366,"column":2},"end":{"line":384,"column":null}},{"start":{},"end":{}}],"line":366},"9":{"loc":{"start":{"line":374,"column":4},"end":{"line":383,"column":null}},"type":"if","locations":[{"start":{"line":374,"column":4},"end":{"line":383,"column":null}},{"start":{"line":381,"column":11},"end":{"line":383,"column":null}}],"line":374},"10":{"loc":{"start":{"line":378,"column":6},"end":{"line":380,"column":null}},"type":"if","locations":[{"start":{"line":378,"column":6},"end":{"line":380,"column":null}},{"start":{},"end":{}}],"line":378},"11":{"loc":{"start":{"line":406,"column":52},"end":{"line":406,"column":103}},"type":"default-arg","locations":[{"start":{"line":406,"column":75},"end":{"line":406,"column":103}}],"line":406},"12":{"loc":{"start":{"line":436,"column":19},"end":{"line":436,"column":null}},"type":"cond-expr","locations":[{"start":{"line":436,"column":31},"end":{"line":436,"column":49}},{"start":{"line":436,"column":49},"end":{"line":436,"column":null}}],"line":436},"13":{"loc":{"start":{"line":489,"column":9},"end":{"line":489,"column":null}},"type":"cond-expr","locations":[{"start":{"line":489,"column":29},"end":{"line":489,"column":50}},{"start":{"line":489,"column":50},"end":{"line":489,"column":null}}],"line":489}},"s":{"0":3,"1":3,"2":3,"3":465,"4":465,"5":9055,"6":9055,"7":9055,"8":465,"9":0,"10":0,"11":0,"12":436,"13":436,"14":436,"15":436,"16":436,"17":436,"18":436,"19":436,"20":436,"21":436,"22":436,"23":436,"24":436,"25":436,"26":436,"27":436,"28":436,"29":436,"30":436,"31":28,"32":28,"33":28,"34":28,"35":28,"36":28,"37":28,"38":28,"39":28,"40":28,"41":28,"42":28,"43":28,"44":28,"45":28,"46":35,"47":5,"48":30,"49":2,"50":28,"51":28,"52":0,"53":28,"54":28,"55":28,"56":26,"57":26,"58":26,"59":26,"60":26,"61":26,"62":26,"63":26,"64":2,"65":0,"66":26,"67":26,"68":1,"69":1,"70":1,"71":1,"72":37,"73":135,"74":359,"75":359,"76":359,"77":599,"78":475,"79":37,"80":37,"81":37,"82":37,"83":20,"84":22,"85":32,"86":32,"87":14,"88":42,"89":9,"90":9},"f":{"0":465,"1":0,"2":436,"3":28,"4":35,"5":1,"6":37,"7":135,"8":359,"9":599,"10":475,"11":37,"12":20,"13":22,"14":32,"15":14,"16":42,"17":9},"b":{"0":[436],"1":[436],"2":[436],"3":[436,0],"4":[35],"5":[5,30],"6":[2,28],"7":[0,28],"8":[26,2],"9":[26,0],"10":[2,24],"11":[1],"12":[7,352],"13":[7,25]},"meta":{"lastBranch":14,"lastFunction":18,"lastStatement":91,"seen":{"s:15:32:15:Infinity":0,"s:20:26:205:Infinity":1,"s:211:49:230:Infinity":2,"f:235:16:235:29":0,"s:236:12:236:Infinity":3,"s:238:2:242:Infinity":4,"s:239:14:239:Infinity":5,"s:240:4:240:Infinity":6,"s:241:4:241:Infinity":7,"s:244:2:244:Infinity":8,"f:250:16:250:30":1,"s:251:12:251:Infinity":9,"s:252:2:252:Infinity":10,"s:253:2:253:Infinity":11,"f:259:16:259:Infinity":2,"b:262:18:262:Infinity":0,"b:263:19:263:Infinity":1,"b:264:16:264:Infinity":2,"s:266:32:277:Infinity":12,"s:280:17:280:Infinity":13,"s:281:2:281:Infinity":14,"s:282:2:282:Infinity":15,"s:283:2:283:Infinity":16,"s:284:2:284:Infinity":17,"s:285:2:285:Infinity":18,"s:286:2:286:Infinity":19,"s:287:2:287:Infinity":20,"s:288:2:288:Infinity":21,"s:289:2:289:Infinity":22,"s:290:2:290:Infinity":23,"s:292:23:292:Infinity":24,"s:293:2:293:Infinity":25,"s:294:2:294:Infinity":26,"s:297:19:297:Infinity":27,"b:297:19:297:39:297:39:297:Infinity":3,"s:298:2:298:Infinity":28,"s:300:2:300:Infinity":29,"s:302:2:302:Infinity":30,"f:308:16:308:32":3,"s:309:17:309:Infinity":31,"s:311:2:311:Infinity":32,"s:312:2:312:Infinity":33,"s:313:2:313:Infinity":34,"s:314:2:314:Infinity":35,"s:315:2:315:Infinity":36,"s:316:2:316:Infinity":37,"s:317:2:317:Infinity":38,"s:318:2:318:Infinity":39,"s:319:2:319:Infinity":40,"s:320:2:320:Infinity":41,"s:322:2:322:Infinity":42,"s:324:2:324:Infinity":43,"s:325:2:325:Infinity":44,"s:327:2:327:Infinity":45,"f:335:16:335:28":4,"b:335:71:335:99":4,"b:337:2:342:Infinity:undefined:undefined:undefined:undefined":5,"s:337:2:342:Infinity":46,"s:338:4:341:Infinity":47,"b:345:2:350:Infinity:undefined:undefined:undefined:undefined":6,"s:345:2:350:Infinity":48,"s:346:4:349:Infinity":49,"s:352:14:352:Infinity":50,"b:355:2:360:Infinity:undefined:undefined:undefined:undefined":7,"s:355:2:360:Infinity":51,"s:356:4:359:Infinity":52,"s:362:16:362:Infinity":53,"s:363:27:363:Infinity":54,"b:366:2:384:Infinity:undefined:undefined:undefined:undefined":8,"s:366:2:384:Infinity":55,"s:368:25:368:Infinity":56,"s:369:4:369:Infinity":57,"s:370:4:370:Infinity":58,"s:373:21:373:Infinity":59,"b:374:4:383:Infinity:381:11:383:Infinity":9,"s:374:4:383:Infinity":60,"s:375:6:375:Infinity":61,"s:376:28:376:Infinity":62,"b:378:6:380:Infinity:undefined:undefined:undefined:undefined":10,"s:378:6:380:Infinity":63,"s:379:8:379:Infinity":64,"s:382:6:382:Infinity":65,"s:386:32:397:Infinity":66,"s:399:2:399:Infinity":67,"f:406:16:406:32":5,"b:406:75:406:103":11,"s:407:2:412:Infinity":68,"s:408:4:408:Infinity":69,"s:410:4:410:Infinity":70,"s:411:4:411:Infinity":71,"f:418:16:418:26":6,"s:419:2:419:Infinity":72,"f:425:16:425:27":7,"s:426:2:426:Infinity":73,"f:432:16:432:26":8,"s:434:16:434:Infinity":74,"s:436:19:436:Infinity":75,"b:436:31:436:49:436:49:436:Infinity":12,"s:437:2:437:Infinity":76,"f:443:16:443:27":9,"s:444:2:449:Infinity":77,"f:455:16:455:26":10,"s:456:2:456:Infinity":78,"f:462:16:462:26":11,"s:463:17:463:Infinity":79,"s:464:15:464:Infinity":80,"s:465:2:465:Infinity":81,"s:466:2:466:Infinity":82,"f:472:16:472:28":12,"s:473:2:473:Infinity":83,"f:479:16:479:29":13,"s:480:2:480:Infinity":84,"f:486:16:486:28":14,"s:487:19:487:Infinity":85,"s:489:2:489:Infinity":86,"b:489:29:489:50:489:50:489:Infinity":13,"f:495:16:495:29":15,"s:496:2:501:Infinity":87,"f:507:16:507:28":16,"s:508:2:512:Infinity":88,"f:519:16:519:28":17,"s:520:15:520:Infinity":89,"s:521:2:521:Infinity":90}}}
,"C:\\Users\\sebit\\Documents\\GitHub\\blockly Sim\\drone-swarm-gcs\\src\\types\\mavlink.ts": {"path":"C:\\Users\\sebit\\Documents\\GitHub\\blockly Sim\\drone-swarm-gcs\\src\\types\\mavlink.ts","statementMap":{"0":{"start":{"line":157,"column":24},"end":{"line":188,"column":null}},"1":{"start":{"line":193,"column":29},"end":{"line":214,"column":null}},"2":{"start":{"line":219,"column":25},"end":{"line":229,"column":null}},"3":{"start":{"line":234,"column":29},"end":{"line":243,"column":null}},"4":{"start":{"line":248,"column":26},"end":{"line":256,"column":null}},"5":{"start":{"line":261,"column":25},"end":{"line":277,"column":null}}},"fnMap":{},"branchMap":{},"s":{"0":2,"1":2,"2":2,"3":2,"4":2,"5":2},"f":{},"b":{},"meta":{"lastBranch":0,"lastFunction":0,"lastStatement":6,"seen":{"s:157:24:188:Infinity":0,"s:193:29:214:Infinity":1,"s:219:25:229:Infinity":2,"s:234:29:243:Infinity":3,"s:248:26:256:Infinity":4,"s:261:25:277:Infinity":5}}}
,"C:\\Users\\sebit\\Documents\\GitHub\\blockly Sim\\drone-swarm-gcs\\src\\utils\\logger.ts": {"path":"C:\\Users\\sebit\\Documents\\GitHub\\blockly Sim\\drone-swarm-gcs\\src\\utils\\logger.ts","statementMap":{"0":{"start":{"line":8,"column":7},"end":{"line":8,"column":null}},"1":{"start":{"line":9,"column":2},"end":{"line":9,"column":10}},"2":{"start":{"line":10,"column":2},"end":{"line":10,"column":9}},"3":{"start":{"line":11,"column":2},"end":{"line":11,"column":9}},"4":{"start":{"line":12,"column":2},"end":{"line":12,"column":10}},"5":{"start":{"line":13,"column":2},"end":{"line":13,"column":9}},"6":{"start":{"line":8,"column":12},"end":{"line":8,"column":null}},"7":{"start":{"line":27,"column":4},"end":{"line":27,"column":null}},"8":{"start":{"line":28,"column":4},"end":{"line":32,"column":null}},"9":{"start":{"line":39,"column":4},"end":{"line":39,"column":null}},"10":{"start":{"line":46,"column":4},"end":{"line":46,"column":null}},"11":{"start":{"line":53,"column":4},"end":{"line":53,"column":null}},"12":{"start":{"line":60,"column":22},"end":{"line":62,"column":null}},"13":{"start":{"line":64,"column":4},"end":{"line":64,"column":null}},"14":{"start":{"line":71,"column":4},"end":{"line":76,"column":null}},"15":{"start":{"line":72,"column":21},"end":{"line":74,"column":null}},"16":{"start":{"line":75,"column":6},"end":{"line":75,"column":null}},"17":{"start":{"line":83,"column":4},"end":{"line":88,"column":null}},"18":{"start":{"line":84,"column":21},"end":{"line":86,"column":null}},"19":{"start":{"line":87,"column":6},"end":{"line":87,"column":null}},"20":{"start":{"line":95,"column":4},"end":{"line":100,"column":null}},"21":{"start":{"line":96,"column":21},"end":{"line":98,"column":null}},"22":{"start":{"line":99,"column":6},"end":{"line":99,"column":null}},"23":{"start":{"line":107,"column":4},"end":{"line":112,"column":null}},"24":{"start":{"line":108,"column":21},"end":{"line":110,"column":null}},"25":{"start":{"line":111,"column":6},"end":{"line":111,"column":null}},"26":{"start":{"line":119,"column":4},"end":{"line":132,"column":null}},"27":{"start":{"line":121,"column":8},"end":{"line":121,"column":null}},"28":{"start":{"line":122,"column":8},"end":{"line":122,"column":null}},"29":{"start":{"line":124,"column":8},"end":{"line":124,"column":null}},"30":{"start":{"line":125,"column":8},"end":{"line":125,"column":null}},"31":{"start":{"line":127,"column":8},"end":{"line":127,"column":null}},"32":{"start":{"line":128,"column":8},"end":{"line":128,"column":null}},"33":{"start":{"line":130,"column":8},"end":{"line":130,"column":null}},"34":{"start":{"line":131,"column":8},"end":{"line":131,"column":null}},"35":{"start":{"line":137,"column":22},"end":{"line":137,"column":null}},"36":{"start":{"line":140,"column":19},"end":{"line":145,"column":null}},"37":{"start":{"line":141,"column":54},"end":{"line":141,"column":null}},"38":{"start":{"line":142,"column":53},"end":{"line":142,"column":null}},"39":{"start":{"line":143,"column":53},"end":{"line":143,"column":null}},"40":{"start":{"line":144,"column":54},"end":{"line":144,"column":null}}},"fnMap":{"0":{"name":"(anonymous_0)","decl":{"start":{"line":8,"column":7},"end":{"line":8,"column":12}},"loc":{"start":{"line":8,"column":7},"end":{"line":8,"column":null}},"line":8},"1":{"name":"(anonymous_1)","decl":{"start":{"line":26,"column":2},"end":{"line":26,"column":16}},"loc":{"start":{"line":26,"column":16},"end":{"line":33,"column":null}},"line":26},"2":{"name":"(anonymous_2)","decl":{"start":{"line":38,"column":2},"end":{"line":38,"column":12}},"loc":{"start":{"line":38,"column":49},"end":{"line":40,"column":null}},"line":38},"3":{"name":"(anonymous_3)","decl":{"start":{"line":45,"column":2},"end":{"line":45,"column":23}},"loc":{"start":{"line":45,"column":23},"end":{"line":47,"column":null}},"line":45},"4":{"name":"(anonymous_4)","decl":{"start":{"line":52,"column":2},"end":{"line":52,"column":11}},"loc":{"start":{"line":52,"column":34},"end":{"line":54,"column":null}},"line":52},"5":{"name":"(anonymous_5)","decl":{"start":{"line":59,"column":10},"end":{"line":59,"column":24}},"loc":{"start":{"line":59,"column":72},"end":{"line":65,"column":null}},"line":59},"6":{"name":"(anonymous_6)","decl":{"start":{"line":70,"column":2},"end":{"line":70,"column":8}},"loc":{"start":{"line":70,"column":55},"end":{"line":77,"column":null}},"line":70},"7":{"name":"(anonymous_7)","decl":{"start":{"line":82,"column":2},"end":{"line":82,"column":7}},"loc":{"start":{"line":82,"column":54},"end":{"line":89,"column":null}},"line":82},"8":{"name":"(anonymous_8)","decl":{"start":{"line":94,"column":2},"end":{"line":94,"column":7}},"loc":{"start":{"line":94,"column":54},"end":{"line":101,"column":null}},"line":94},"9":{"name":"(anonymous_9)","decl":{"start":{"line":106,"column":2},"end":{"line":106,"column":8}},"loc":{"start":{"line":106,"column":55},"end":{"line":113,"column":null}},"line":106},"10":{"name":"(anonymous_10)","decl":{"start":{"line":118,"column":2},"end":{"line":118,"column":6}},"loc":{"start":{"line":118,"column":70},"end":{"line":133,"column":null}},"line":118},"11":{"name":"(anonymous_11)","decl":{"start":{"line":141,"column":9},"end":{"line":141,"column":10}},"loc":{"start":{"line":141,"column":54},"end":{"line":141,"column":null}},"line":141},"12":{"name":"(anonymous_12)","decl":{"start":{"line":142,"column":8},"end":{"line":142,"column":9}},"loc":{"start":{"line":142,"column":53},"end":{"line":142,"column":null}},"line":142},"13":{"name":"(anonymous_13)","decl":{"start":{"line":143,"column":8},"end":{"line":143,"column":9}},"loc":{"start":{"line":143,"column":53},"end":{"line":143,"column":null}},"line":143},"14":{"name":"(anonymous_14)","decl":{"start":{"line":144,"column":9},"end":{"line":144,"column":10}},"loc":{"start":{"line":144,"column":54},"end":{"line":144,"column":null}},"line":144}},"branchMap":{"0":{"loc":{"start":{"line":8,"column":12},"end":{"line":8,"column":null}},"type":"binary-expr","locations":[{"start":{"line":8,"column":12},"end":{"line":8,"column":null}},{"start":{"line":8,"column":12},"end":{"line":8,"column":null}}],"line":8},"1":{"loc":{"start":{"line":29,"column":13},"end":{"line":29,"column":null}},"type":"cond-expr","locations":[{"start":{"line":29,"column":34},"end":{"line":29,"column":51}},{"start":{"line":29,"column":51},"end":{"line":29,"column":null}}],"line":29},"2":{"loc":{"start":{"line":60,"column":22},"end":{"line":62,"column":null}},"type":"cond-expr","locations":[{"start":{"line":61,"column":8},"end":{"line":61,"column":null}},{"start":{"line":62,"column":8},"end":{"line":62,"column":null}}],"line":60},"3":{"loc":{"start":{"line":71,"column":4},"end":{"line":76,"column":null}},"type":"if","locations":[{"start":{"line":71,"column":4},"end":{"line":76,"column":null}},{"start":{},"end":{}}],"line":71},"4":{"loc":{"start":{"line":72,"column":21},"end":{"line":74,"column":null}},"type":"cond-expr","locations":[{"start":{"line":73,"column":10},"end":{"line":73,"column":null}},{"start":{"line":74,"column":10},"end":{"line":74,"column":null}}],"line":72},"5":{"loc":{"start":{"line":83,"column":4},"end":{"line":88,"column":null}},"type":"if","locations":[{"start":{"line":83,"column":4},"end":{"line":88,"column":null}},{"start":{},"end":{}}],"line":83},"6":{"loc":{"start":{"line":84,"column":21},"end":{"line":86,"column":null}},"type":"cond-expr","locations":[{"start":{"line":85,"column":10},"end":{"line":85,"column":null}},{"start":{"line":86,"column":10},"end":{"line":86,"column":null}}],"line":84},"7":{"loc":{"start":{"line":95,"column":4},"end":{"line":100,"column":null}},"type":"if","locations":[{"start":{"line":95,"column":4},"end":{"line":100,"column":null}},{"start":{},"end":{}}],"line":95},"8":{"loc":{"start":{"line":96,"column":21},"end":{"line":98,"column":null}},"type":"cond-expr","locations":[{"start":{"line":97,"column":10},"end":{"line":97,"column":null}},{"start":{"line":98,"column":10},"end":{"line":98,"column":null}}],"line":96},"9":{"loc":{"start":{"line":107,"column":4},"end":{"line":112,"column":null}},"type":"if","locations":[{"start":{"line":107,"column":4},"end":{"line":112,"column":null}},{"start":{},"end":{}}],"line":107},"10":{"loc":{"start":{"line":108,"column":21},"end":{"line":110,"column":null}},"type":"cond-expr","locations":[{"start":{"line":109,"column":10},"end":{"line":109,"column":null}},{"start":{"line":110,"column":10},"end":{"line":110,"column":null}}],"line":108},"11":{"loc":{"start":{"line":119,"column":4},"end":{"line":132,"column":null}},"type":"switch","locations":[{"start":{"line":120,"column":6},"end":{"line":122,"column":null}},{"start":{"line":123,"column":6},"end":{"line":125,"column":null}},{"start":{"line":126,"column":6},"end":{"line":128,"column":null}},{"start":{"line":129,"column":6},"end":{"line":131,"column":null}}],"line":119}},"s":{"0":6,"1":6,"2":6,"3":6,"4":6,"5":6,"6":6,"7":6,"8":6,"9":11,"10":3,"11":66,"12":426,"13":426,"14":360,"15":353,"16":353,"17":42,"18":39,"19":39,"20":20,"21":18,"22":18,"23":17,"24":16,"25":16,"26":6,"27":2,"28":2,"29":1,"30":1,"31":2,"32":2,"33":1,"34":1,"35":6,"36":6,"37":358,"38":41,"39":18,"40":16},"f":{"0":6,"1":6,"2":11,"3":3,"4":66,"5":426,"6":360,"7":42,"8":20,"9":17,"10":6,"11":358,"12":41,"13":18,"14":16},"b":{"0":[6,6],"1":[6,0],"2":[296,130],"3":[353,7],"4":[237,116],"5":[39,3],"6":[36,3],"7":[18,2],"8":[14,4],"9":[16,1],"10":[12,4],"11":[2,1,2,1]},"meta":{"lastBranch":12,"lastFunction":15,"lastStatement":41,"seen":{"s:8:7:8:Infinity":0,"f:8:7:8:12":0,"s:9:2:9:10":1,"s:10:2:10:9":2,"s:11:2:11:9":3,"s:12:2:12:10":4,"s:13:2:13:9":5,"s:8:12:8:Infinity":6,"b:8:12:8:Infinity:8:12:8:Infinity":0,"f:26:2:26:16":1,"s:27:4:27:Infinity":7,"s:28:4:32:Infinity":8,"b:29:34:29:51:29:51:29:Infinity":1,"f:38:2:38:12":2,"s:39:4:39:Infinity":9,"f:45:2:45:23":3,"s:46:4:46:Infinity":10,"f:52:2:52:11":4,"s:53:4:53:Infinity":11,"f:59:10:59:24":5,"s:60:22:62:Infinity":12,"b:61:8:61:Infinity:62:8:62:Infinity":2,"s:64:4:64:Infinity":13,"f:70:2:70:8":6,"b:71:4:76:Infinity:undefined:undefined:undefined:undefined":3,"s:71:4:76:Infinity":14,"s:72:21:74:Infinity":15,"b:73:10:73:Infinity:74:10:74:Infinity":4,"s:75:6:75:Infinity":16,"f:82:2:82:7":7,"b:83:4:88:Infinity:undefined:undefined:undefined:undefined":5,"s:83:4:88:Infinity":17,"s:84:21:86:Infinity":18,"b:85:10:85:Infinity:86:10:86:Infinity":6,"s:87:6:87:Infinity":19,"f:94:2:94:7":8,"b:95:4:100:Infinity:undefined:undefined:undefined:undefined":7,"s:95:4:100:Infinity":20,"s:96:21:98:Infinity":21,"b:97:10:97:Infinity:98:10:98:Infinity":8,"s:99:6:99:Infinity":22,"f:106:2:106:8":9,"b:107:4:112:Infinity:undefined:undefined:undefined:undefined":9,"s:107:4:112:Infinity":23,"s:108:21:110:Infinity":24,"b:109:10:109:Infinity:110:10:110:Infinity":10,"s:111:6:111:Infinity":25,"f:118:2:118:6":10,"b:120:6:122:Infinity:123:6:125:Infinity:126:6:128:Infinity:129:6:131:Infinity":11,"s:119:4:132:Infinity":26,"s:121:8:121:Infinity":27,"s:122:8:122:Infinity":28,"s:124:8:124:Infinity":29,"s:125:8:125:Infinity":30,"s:127:8:127:Infinity":31,"s:128:8:128:Infinity":32,"s:130:8:130:Infinity":33,"s:131:8:131:Infinity":34,"s:137:22:137:Infinity":35,"s:140:19:145:Infinity":36,"f:141:9:141:10":11,"s:141:54:141:Infinity":37,"f:142:8:142:9":12,"s:142:53:142:Infinity":38,"f:143:8:143:9":13,"s:143:53:143:Infinity":39,"f:144:9:144:10":14,"s:144:54:144:Infinity":40}}}
}
